{"/home/travis/build/npmtest/node-npmtest-geoip-lite/test.js":{"path":"/home/travis/build/npmtest/node-npmtest-geoip-lite/test.js","s":{"1":2,"2":2,"3":2,"4":2,"5":2,"6":2,"7":2,"8":1,"9":2,"10":2,"11":1,"12":1,"13":1,"14":1,"15":2,"16":2,"17":2,"18":2,"19":1,"20":1,"21":2,"22":2,"23":2,"24":1,"25":1,"26":1,"27":1,"28":1,"29":1,"30":1,"31":1,"32":1,"33":1,"34":1,"35":1,"36":1,"37":2,"38":2,"39":1,"40":2,"41":2,"42":1,"43":2,"44":2,"45":1,"46":2,"47":2,"48":1,"49":1,"50":1,"51":1,"52":1},"b":{"1":[2,1,1,1],"2":[1,1,1,1],"3":[1,1],"4":[1,1],"5":[1,1],"6":[1,1],"7":[1,1],"8":[1,1],"9":[1,1,1],"10":[1,1],"11":[1,1],"12":[1,1],"13":[1,1],"14":[1,1],"15":[1,1],"16":[1,1]},"f":{"1":2,"2":2,"3":2,"4":2,"5":2,"6":1,"7":1,"8":2,"9":2,"10":2,"11":2,"12":1},"fnMap":{"1":{"name":"(anonymous_1)","line":12,"loc":{"start":{"line":12,"column":1},"end":{"line":12,"column":13}}},"2":{"name":"(anonymous_2)","line":19,"loc":{"start":{"line":19,"column":5},"end":{"line":19,"column":17}}},"3":{"name":"(anonymous_3)","line":23,"loc":{"start":{"line":23,"column":24},"end":{"line":23,"column":36}}},"4":{"name":"(anonymous_4)","line":61,"loc":{"start":{"line":61,"column":5},"end":{"line":61,"column":17}}},"5":{"name":"(anonymous_5)","line":82,"loc":{"start":{"line":82,"column":5},"end":{"line":82,"column":17}}},"6":{"name":"(anonymous_6)","line":102,"loc":{"start":{"line":102,"column":83},"end":{"line":105,"column":10}},"skip":true},"7":{"name":"(anonymous_7)","line":113,"loc":{"start":{"line":113,"column":77},"end":{"line":116,"column":10}},"skip":true},"8":{"name":"(anonymous_8)","line":129,"loc":{"start":{"line":129,"column":12},"end":{"line":129,"column":40}},"skip":true},"9":{"name":"(anonymous_9)","line":137,"loc":{"start":{"line":137,"column":77},"end":{"line":140,"column":10}},"skip":true},"10":{"name":"(anonymous_10)","line":148,"loc":{"start":{"line":148,"column":83},"end":{"line":151,"column":10}},"skip":true},"11":{"name":"(anonymous_11)","line":159,"loc":{"start":{"line":159,"column":79},"end":{"line":162,"column":10}},"skip":true},"12":{"name":"(anonymous_12)","line":170,"loc":{"start":{"line":170,"column":75},"end":{"line":173,"column":10}},"skip":true}},"statementMap":{"1":{"start":{"line":12,"column":0},"end":{"line":185,"column":5}},"2":{"start":{"line":14,"column":4},"end":{"line":14,"column":14}},"3":{"start":{"line":19,"column":4},"end":{"line":56,"column":9}},"4":{"start":{"line":21,"column":8},"end":{"line":21,"column":19}},"5":{"start":{"line":23,"column":8},"end":{"line":35,"column":13}},"6":{"start":{"line":24,"column":12},"end":{"line":34,"column":13}},"7":{"start":{"line":25,"column":16},"end":{"line":28,"column":30}},"8":{"start":{"line":30,"column":16},"end":{"line":33,"column":27}},"9":{"start":{"line":37,"column":8},"end":{"line":39,"column":21}},"10":{"start":{"line":40,"column":8},"end":{"line":53,"column":9}},"11":{"start":{"line":43,"column":12},"end":{"line":46,"column":14}},"12":{"start":{"line":47,"column":12},"end":{"line":47,"column":18}},"13":{"start":{"line":50,"column":12},"end":{"line":51,"column":46}},"14":{"start":{"line":52,"column":12},"end":{"line":52,"column":18}},"15":{"start":{"line":55,"column":8},"end":{"line":55,"column":35}},"16":{"start":{"line":61,"column":4},"end":{"line":63,"column":9}},"17":{"start":{"line":62,"column":8},"end":{"line":62,"column":15}},"18":{"start":{"line":64,"column":4},"end":{"line":77,"column":5}},"19":{"start":{"line":70,"column":8},"end":{"line":70,"column":14}},"20":{"start":{"line":76,"column":8},"end":{"line":76,"column":14}},"21":{"start":{"line":82,"column":4},"end":{"line":84,"column":9}},"22":{"start":{"line":83,"column":8},"end":{"line":83,"column":15}},"23":{"start":{"line":85,"column":4},"end":{"line":184,"column":5}},"24":{"start":{"line":92,"column":8},"end":{"line":94,"column":63}},"25":{"start":{"line":95,"column":8},"end":{"line":95,"column":14}},"26":{"start":{"line":102,"column":8},"end":{"line":111,"column":10},"skip":true},"27":{"start":{"line":109,"column":12},"end":{"line":109,"column":55},"skip":true},"28":{"start":{"line":110,"column":12},"end":{"line":110,"column":48},"skip":true},"29":{"start":{"line":113,"column":8},"end":{"line":126,"column":10},"skip":true},"30":{"start":{"line":120,"column":12},"end":{"line":120,"column":76},"skip":true},"31":{"start":{"line":121,"column":12},"end":{"line":121,"column":73},"skip":true},"32":{"start":{"line":122,"column":12},"end":{"line":122,"column":74},"skip":true},"33":{"start":{"line":123,"column":12},"end":{"line":123,"column":79},"skip":true},"34":{"start":{"line":124,"column":12},"end":{"line":124,"column":25},"skip":true},"35":{"start":{"line":125,"column":12},"end":{"line":125,"column":45},"skip":true},"36":{"start":{"line":128,"column":8},"end":{"line":135,"column":14},"skip":true},"37":{"start":{"line":133,"column":16},"end":{"line":133,"column":29},"skip":true},"38":{"start":{"line":134,"column":16},"end":{"line":134,"column":55},"skip":true},"39":{"start":{"line":137,"column":8},"end":{"line":146,"column":10},"skip":true},"40":{"start":{"line":144,"column":12},"end":{"line":144,"column":25},"skip":true},"41":{"start":{"line":145,"column":12},"end":{"line":145,"column":45},"skip":true},"42":{"start":{"line":148,"column":8},"end":{"line":157,"column":10},"skip":true},"43":{"start":{"line":155,"column":12},"end":{"line":155,"column":25},"skip":true},"44":{"start":{"line":156,"column":12},"end":{"line":156,"column":48},"skip":true},"45":{"start":{"line":159,"column":8},"end":{"line":168,"column":10},"skip":true},"46":{"start":{"line":166,"column":12},"end":{"line":166,"column":25},"skip":true},"47":{"start":{"line":167,"column":12},"end":{"line":167,"column":46},"skip":true},"48":{"start":{"line":170,"column":8},"end":{"line":179,"column":10},"skip":true},"49":{"start":{"line":177,"column":12},"end":{"line":177,"column":94},"skip":true},"50":{"start":{"line":178,"column":12},"end":{"line":178,"column":48},"skip":true},"51":{"start":{"line":182,"column":8},"end":{"line":182,"column":35},"skip":true},"52":{"start":{"line":183,"column":8},"end":{"line":183,"column":14},"skip":true}},"branchMap":{"1":{"line":25,"type":"binary-expr","locations":[{"start":{"line":25,"column":23},"end":{"line":25,"column":62}},{"start":{"line":26,"column":20},"end":{"line":26,"column":70}},{"start":{"line":27,"column":20},"end":{"line":27,"column":71}},{"start":{"line":28,"column":20},"end":{"line":28,"column":29}}]},"2":{"line":30,"type":"binary-expr","locations":[{"start":{"line":30,"column":23},"end":{"line":30,"column":37}},{"start":{"line":31,"column":20},"end":{"line":31,"column":61}},{"start":{"line":32,"column":20},"end":{"line":32,"column":70}},{"start":{"line":33,"column":20},"end":{"line":33,"column":26}}]},"3":{"line":37,"type":"cond-expr","locations":[{"start":{"line":38,"column":14},"end":{"line":38,"column":20}},{"start":{"line":39,"column":14},"end":{"line":39,"column":20}}]},"4":{"line":40,"type":"switch","locations":[{"start":{"line":42,"column":8},"end":{"line":47,"column":18}},{"start":{"line":49,"column":8},"end":{"line":52,"column":18}}]},"5":{"line":44,"type":"binary-expr","locations":[{"start":{"line":44,"column":16},"end":{"line":44,"column":44}},{"start":{"line":44,"column":48},"end":{"line":44,"column":66}}]},"6":{"line":50,"type":"binary-expr","locations":[{"start":{"line":50,"column":21},"end":{"line":50,"column":49}},{"start":{"line":50,"column":53},"end":{"line":50,"column":72}}]},"7":{"line":64,"type":"switch","locations":[{"start":{"line":69,"column":4},"end":{"line":70,"column":14}},{"start":{"line":75,"column":4},"end":{"line":76,"column":14}}]},"8":{"line":85,"type":"switch","locations":[{"start":{"line":90,"column":4},"end":{"line":95,"column":14}},{"start":{"line":101,"column":4},"end":{"line":183,"column":14},"skip":true}]},"9":{"line":92,"type":"binary-expr","locations":[{"start":{"line":92,"column":18},"end":{"line":92,"column":32}},{"start":{"line":93,"column":12},"end":{"line":93,"column":53}},{"start":{"line":94,"column":12},"end":{"line":94,"column":61}}]},"10":{"line":102,"type":"binary-expr","locations":[{"start":{"line":102,"column":45},"end":{"line":102,"column":79},"skip":true},{"start":{"line":102,"column":83},"end":{"line":111,"column":9},"skip":true}]},"11":{"line":113,"type":"binary-expr","locations":[{"start":{"line":113,"column":42},"end":{"line":113,"column":73},"skip":true},{"start":{"line":113,"column":77},"end":{"line":126,"column":9},"skip":true}]},"12":{"line":128,"type":"binary-expr","locations":[{"start":{"line":128,"column":48},"end":{"line":128,"column":85},"skip":true},{"start":{"line":129,"column":12},"end":{"line":135,"column":13},"skip":true}]},"13":{"line":137,"type":"binary-expr","locations":[{"start":{"line":137,"column":42},"end":{"line":137,"column":73},"skip":true},{"start":{"line":137,"column":77},"end":{"line":146,"column":9},"skip":true}]},"14":{"line":148,"type":"binary-expr","locations":[{"start":{"line":148,"column":45},"end":{"line":148,"column":79},"skip":true},{"start":{"line":148,"column":83},"end":{"line":157,"column":9},"skip":true}]},"15":{"line":159,"type":"binary-expr","locations":[{"start":{"line":159,"column":43},"end":{"line":159,"column":75},"skip":true},{"start":{"line":159,"column":79},"end":{"line":168,"column":9},"skip":true}]},"16":{"line":170,"type":"binary-expr","locations":[{"start":{"line":170,"column":41},"end":{"line":170,"column":71},"skip":true},{"start":{"line":170,"column":75},"end":{"line":179,"column":9},"skip":true}]}},"code":["/* istanbul instrument in package npmtest_geoip_lite */","/*jslint","    bitwise: true,","    browser: true,","    maxerr: 8,","    maxlen: 96,","    node: true,","    nomen: true,","    regexp: true,","    stupid: true","*/","(function () {","    'use strict';","    var local;","","","","    // run shared js-env code - pre-init","    (function () {","        // init local","        local = {};","        // init modeJs","        local.modeJs = (function () {","            try {","                return typeof navigator.userAgent === 'string' &&","                    typeof document.querySelector('body') === 'object' &&","                    typeof XMLHttpRequest.prototype.open === 'function' &&","                    'browser';","            } catch (errorCaughtBrowser) {","                return module.exports &&","                    typeof process.versions.node === 'string' &&","                    typeof require('http').createServer === 'function' &&","                    'node';","            }","        }());","        // init global","        local.global = local.modeJs === 'browser'","            ? window","            : global;","        switch (local.modeJs) {","        // re-init local from window.local","        case 'browser':","            local = local.global.utility2.objectSetDefault(","                local.global.utility2_rollup || local.global.local,","                local.global.utility2","            );","            break;","        // re-init local from example.js","        case 'node':","            local = (local.global.utility2_rollup || require('utility2'))","                .requireExampleJsFromReadme();","            break;","        }","        // export local","        local.global.local = local;","    }());","","","","    // run shared js-env code - function","    (function () {","        return;","    }());","    switch (local.modeJs) {","","","","    // run browser js-env code - function","    case 'browser':","        break;","","","","    // run node js-env code - function","    case 'node':","        break;","    }","","","","    // run shared js-env code - post-init","    (function () {","        return;","    }());","    switch (local.modeJs) {","","","","    // run browser js-env code - post-init","    case 'browser':","        // run tests","        local.nop(local.modeTest &&","            document.querySelector('#testRunButton1') &&","            document.querySelector('#testRunButton1').click());","        break;","","","","    // run node js-env code - post-init","    /* istanbul ignore next */","    case 'node':","        local.testCase_buildApidoc_default = local.testCase_buildApidoc_default || function (","            options,","            onError","        ) {","        /*","         * this function will test buildApidoc's default handling-behavior-behavior","         */","            options = { modulePathList: module.paths };","            local.buildApidoc(options, onError);","        };","","        local.testCase_buildApp_default = local.testCase_buildApp_default || function (","            options,","            onError","        ) {","        /*","         * this function will test buildApp's default handling-behavior-behavior","         */","            local.testCase_buildReadme_default(options, local.onErrorThrow);","            local.testCase_buildLib_default(options, local.onErrorThrow);","            local.testCase_buildTest_default(options, local.onErrorThrow);","            local.testCase_buildCustomOrg_default(options, local.onErrorThrow);","            options = [];","            local.buildApp(options, onError);","        };","","        local.testCase_buildCustomOrg_default = local.testCase_buildCustomOrg_default ||","            function (options, onError) {","            /*","             * this function will test buildCustomOrg's default handling-behavior","             */","                options = {};","                local.buildCustomOrg(options, onError);","            };","","        local.testCase_buildLib_default = local.testCase_buildLib_default || function (","            options,","            onError","        ) {","        /*","         * this function will test buildLib's default handling-behavior","         */","            options = {};","            local.buildLib(options, onError);","        };","","        local.testCase_buildReadme_default = local.testCase_buildReadme_default || function (","            options,","            onError","        ) {","        /*","         * this function will test buildReadme's default handling-behavior-behavior","         */","            options = {};","            local.buildReadme(options, onError);","        };","","        local.testCase_buildTest_default = local.testCase_buildTest_default || function (","            options,","            onError","        ) {","        /*","         * this function will test buildTest's default handling-behavior","         */","            options = {};","            local.buildTest(options, onError);","        };","","        local.testCase_webpage_default = local.testCase_webpage_default || function (","            options,","            onError","        ) {","        /*","         * this function will test webpage's default handling-behavior","         */","            options = { modeCoverageMerge: true, url: local.serverLocalHost + '?modeTest=1' };","            local.browserTest(options, onError);","        };","","        // run test-server","        local.testRunServer(local);","        break;","    }","}());",""],"l":{"12":2,"14":2,"19":2,"21":2,"23":2,"24":2,"25":2,"30":1,"37":2,"40":2,"43":1,"47":1,"50":1,"52":1,"55":2,"61":2,"62":2,"64":2,"70":1,"76":1,"82":2,"83":2,"85":2,"92":1,"95":1,"102":1,"109":1,"110":1,"113":1,"120":1,"121":1,"122":1,"123":1,"124":1,"125":1,"128":1,"133":2,"134":2,"137":1,"144":2,"145":2,"148":1,"155":2,"156":2,"159":1,"166":2,"167":2,"170":1,"177":1,"178":1,"182":1,"183":1}},"/home/travis/build/npmtest/node-npmtest-geoip-lite/lib.npmtest_geoip_lite.js":{"path":"/home/travis/build/npmtest/node-npmtest-geoip-lite/lib.npmtest_geoip_lite.js","s":{"1":2,"2":2,"3":2,"4":2,"5":2,"6":2,"7":2,"8":1,"9":2,"10":2,"11":2,"12":2,"13":1,"14":1,"15":1,"16":1},"b":{"1":[2,1,1,1],"2":[1,1,1,1],"3":[1,1],"4":[2,2],"5":[1,1]},"f":{"1":2,"2":2,"3":2},"fnMap":{"1":{"name":"(anonymous_1)","line":12,"loc":{"start":{"line":12,"column":1},"end":{"line":12,"column":13}}},"2":{"name":"(anonymous_2)","line":19,"loc":{"start":{"line":19,"column":5},"end":{"line":19,"column":17}}},"3":{"name":"(anonymous_3)","line":23,"loc":{"start":{"line":23,"column":24},"end":{"line":23,"column":36}}}},"statementMap":{"1":{"start":{"line":12,"column":0},"end":{"line":53,"column":5}},"2":{"start":{"line":14,"column":4},"end":{"line":14,"column":14}},"3":{"start":{"line":19,"column":4},"end":{"line":52,"column":9}},"4":{"start":{"line":21,"column":8},"end":{"line":21,"column":19}},"5":{"start":{"line":23,"column":8},"end":{"line":35,"column":13}},"6":{"start":{"line":24,"column":12},"end":{"line":34,"column":13}},"7":{"start":{"line":25,"column":16},"end":{"line":28,"column":30}},"8":{"start":{"line":30,"column":16},"end":{"line":33,"column":27}},"9":{"start":{"line":37,"column":8},"end":{"line":39,"column":21}},"10":{"start":{"line":41,"column":8},"end":{"line":41,"column":54}},"11":{"start":{"line":43,"column":8},"end":{"line":43,"column":55}},"12":{"start":{"line":45,"column":8},"end":{"line":51,"column":9}},"13":{"start":{"line":46,"column":12},"end":{"line":46,"column":61}},"14":{"start":{"line":48,"column":12},"end":{"line":48,"column":35}},"15":{"start":{"line":49,"column":12},"end":{"line":49,"column":49}},"16":{"start":{"line":50,"column":12},"end":{"line":50,"column":43}}},"branchMap":{"1":{"line":25,"type":"binary-expr","locations":[{"start":{"line":25,"column":23},"end":{"line":25,"column":62}},{"start":{"line":26,"column":20},"end":{"line":26,"column":70}},{"start":{"line":27,"column":20},"end":{"line":27,"column":71}},{"start":{"line":28,"column":20},"end":{"line":28,"column":29}}]},"2":{"line":30,"type":"binary-expr","locations":[{"start":{"line":30,"column":23},"end":{"line":30,"column":37}},{"start":{"line":31,"column":20},"end":{"line":31,"column":61}},{"start":{"line":32,"column":20},"end":{"line":32,"column":70}},{"start":{"line":33,"column":20},"end":{"line":33,"column":26}}]},"3":{"line":37,"type":"cond-expr","locations":[{"start":{"line":38,"column":14},"end":{"line":38,"column":20}},{"start":{"line":39,"column":14},"end":{"line":39,"column":20}}]},"4":{"line":41,"type":"binary-expr","locations":[{"start":{"line":41,"column":16},"end":{"line":41,"column":44}},{"start":{"line":41,"column":48},"end":{"line":41,"column":53}}]},"5":{"line":45,"type":"if","locations":[{"start":{"line":45,"column":8},"end":{"line":45,"column":8}},{"start":{"line":45,"column":8},"end":{"line":45,"column":8}}]}},"code":["/* istanbul instrument in package npmtest_geoip_lite */","/*jslint","    bitwise: true,","    browser: true,","    maxerr: 8,","    maxlen: 96,","    node: true,","    nomen: true,","    regexp: true,","    stupid: true","*/","(function () {","    'use strict';","    var local;","","","","    // run shared js-env code - pre-init","    (function () {","        // init local","        local = {};","        // init modeJs","        local.modeJs = (function () {","            try {","                return typeof navigator.userAgent === 'string' &&","                    typeof document.querySelector('body') === 'object' &&","                    typeof XMLHttpRequest.prototype.open === 'function' &&","                    'browser';","            } catch (errorCaughtBrowser) {","                return module.exports &&","                    typeof process.versions.node === 'string' &&","                    typeof require('http').createServer === 'function' &&","                    'node';","            }","        }());","        // init global","        local.global = local.modeJs === 'browser'","            ? window","            : global;","        // init utility2_rollup","        local = local.global.utility2_rollup || local;","        // init lib","        local.local = local.npmtest_geoip_lite = local;","        // init exports","        if (local.modeJs === 'browser') {","            local.global.utility2_npmtest_geoip_lite = local;","        } else {","            module.exports = local;","            module.exports.__dirname = __dirname;","            module.exports.module = module;","        }","    }());","}());",""],"l":{"12":2,"14":2,"19":2,"21":2,"23":2,"24":2,"25":2,"30":1,"37":2,"41":2,"43":2,"45":2,"46":1,"48":1,"49":1,"50":1}},"/home/travis/build/npmtest/node-npmtest-geoip-lite/example.js":{"path":"/home/travis/build/npmtest/node-npmtest-geoip-lite/example.js","s":{"1":2,"2":2,"3":2,"4":2,"5":2,"6":2,"7":2,"8":1,"9":2,"10":2,"11":2,"12":2,"13":1,"14":2,"15":2,"16":2,"17":2,"18":2,"19":0,"20":2,"21":1,"22":1,"23":1,"24":1,"25":1,"26":0,"27":0,"28":1,"29":1,"30":2,"31":0,"32":0,"33":0,"34":1,"35":2,"36":2,"37":2,"38":2,"39":2,"40":2,"41":0,"42":2,"43":2,"44":2,"45":1,"46":3,"47":1,"48":1,"49":1,"50":1,"51":1,"52":1,"53":1,"54":1,"55":1,"56":1,"57":0,"58":1,"59":6,"60":6,"61":1,"62":2,"63":0,"64":2,"65":1,"66":1,"67":0,"68":0,"69":0,"70":0,"71":0,"72":0,"73":0,"74":0,"75":0,"76":0,"77":0,"78":0,"79":0,"80":0,"81":0,"82":0,"83":0},"b":{"1":[2,1,1,1],"2":[1,1,1,1],"3":[1,1],"4":[2,2],"5":[1,1],"6":[1,1],"7":[2,0],"8":[2,1,1,1,1,1],"9":[0,2,0],"10":[1,1],"11":[2,1,1],"12":[1,0],"13":[0,2],"14":[2,0,0,0,0,0,0],"15":[0,2],"16":[2,0],"17":[1,1],"18":[0,1],"19":[1,2,0,2],"20":[1,0],"21":[1,1],"22":[0,0],"23":[0,0],"24":[0,0],"25":[0,0],"26":[0,0],"27":[0,0],"28":[0,0]},"f":{"1":2,"2":2,"3":2,"4":2,"5":2,"6":2,"7":2,"8":2,"9":3,"10":1,"11":6,"12":0},"fnMap":{"1":{"name":"(anonymous_1)","line":26,"loc":{"start":{"line":26,"column":1},"end":{"line":26,"column":13}}},"2":{"name":"(anonymous_2)","line":33,"loc":{"start":{"line":33,"column":5},"end":{"line":33,"column":17}}},"3":{"name":"(anonymous_3)","line":37,"loc":{"start":{"line":37,"column":24},"end":{"line":37,"column":36}}},"4":{"name":"(anonymous_4)","line":69,"loc":{"start":{"line":69,"column":31},"end":{"line":69,"column":48}},"skip":true},"5":{"name":"(anonymous_5)","line":78,"loc":{"start":{"line":78,"column":26},"end":{"line":78,"column":45}},"skip":true},"6":{"name":"(anonymous_6)","line":123,"loc":{"start":{"line":123,"column":33},"end":{"line":123,"column":48}},"skip":true},"7":{"name":"(anonymous_7)","line":125,"loc":{"start":{"line":125,"column":27},"end":{"line":125,"column":39}},"skip":true},"8":{"name":"(anonymous_8)","line":133,"loc":{"start":{"line":133,"column":59},"end":{"line":133,"column":74}},"skip":true},"9":{"name":"(anonymous_9)","line":143,"loc":{"start":{"line":143,"column":45},"end":{"line":143,"column":62}},"skip":true},"10":{"name":"(anonymous_10)","line":144,"loc":{"start":{"line":144,"column":73},"end":{"line":144,"column":92}},"skip":true},"11":{"name":"(anonymous_11)","line":272,"loc":{"start":{"line":272,"column":51},"end":{"line":272,"column":77}},"skip":true},"12":{"name":"(anonymous_12)","line":314,"loc":{"start":{"line":314,"column":32},"end":{"line":314,"column":61}},"skip":true}},"statementMap":{"1":{"start":{"line":26,"column":0},"end":{"line":325,"column":5}},"2":{"start":{"line":28,"column":4},"end":{"line":28,"column":14}},"3":{"start":{"line":33,"column":4},"end":{"line":60,"column":9}},"4":{"start":{"line":35,"column":8},"end":{"line":35,"column":19}},"5":{"start":{"line":37,"column":8},"end":{"line":49,"column":13}},"6":{"start":{"line":38,"column":12},"end":{"line":48,"column":13}},"7":{"start":{"line":39,"column":16},"end":{"line":42,"column":30}},"8":{"start":{"line":44,"column":16},"end":{"line":47,"column":27}},"9":{"start":{"line":51,"column":8},"end":{"line":53,"column":21}},"10":{"start":{"line":55,"column":8},"end":{"line":57,"column":45}},"11":{"start":{"line":59,"column":8},"end":{"line":59,"column":35}},"12":{"start":{"line":61,"column":4},"end":{"line":324,"column":5}},"13":{"start":{"line":69,"column":8},"end":{"line":121,"column":10},"skip":true},"14":{"start":{"line":70,"column":12},"end":{"line":88,"column":13},"skip":true},"15":{"start":{"line":76,"column":16},"end":{"line":87,"column":19},"skip":true},"16":{"start":{"line":79,"column":20},"end":{"line":86,"column":21},"skip":true},"17":{"start":{"line":82,"column":24},"end":{"line":82,"column":43},"skip":true},"18":{"start":{"line":83,"column":24},"end":{"line":83,"column":30},"skip":true},"19":{"start":{"line":85,"column":24},"end":{"line":85,"column":49},"skip":true},"20":{"start":{"line":89,"column":12},"end":{"line":107,"column":13},"skip":true},"21":{"start":{"line":92,"column":16},"end":{"line":102,"column":17},"skip":true},"22":{"start":{"line":93,"column":20},"end":{"line":93,"column":86},"skip":true},"23":{"start":{"line":94,"column":20},"end":{"line":95,"column":45},"skip":true},"24":{"start":{"line":96,"column":20},"end":{"line":96,"column":42},"skip":true},"25":{"start":{"line":97,"column":20},"end":{"line":97,"column":48},"skip":true},"26":{"start":{"line":100,"column":20},"end":{"line":100,"column":85},"skip":true},"27":{"start":{"line":101,"column":20},"end":{"line":101,"column":96},"skip":true},"28":{"start":{"line":103,"column":16},"end":{"line":103,"column":22},"skip":true},"29":{"start":{"line":106,"column":16},"end":{"line":106,"column":22},"skip":true},"30":{"start":{"line":108,"column":12},"end":{"line":120,"column":13},"skip":true},"31":{"start":{"line":114,"column":16},"end":{"line":119,"column":17},"skip":true},"32":{"start":{"line":116,"column":20},"end":{"line":116,"column":78},"skip":true},"33":{"start":{"line":118,"column":20},"end":{"line":118,"column":53},"skip":true},"34":{"start":{"line":123,"column":8},"end":{"line":141,"column":11},"skip":true},"35":{"start":{"line":124,"column":12},"end":{"line":124,"column":54},"skip":true},"36":{"start":{"line":125,"column":12},"end":{"line":140,"column":14},"skip":true},"37":{"start":{"line":126,"column":16},"end":{"line":126,"column":28},"skip":true},"38":{"start":{"line":127,"column":16},"end":{"line":127,"column":69},"skip":true},"39":{"start":{"line":128,"column":16},"end":{"line":128,"column":75},"skip":true},"40":{"start":{"line":129,"column":16},"end":{"line":131,"column":17},"skip":true},"41":{"start":{"line":130,"column":20},"end":{"line":130,"column":27},"skip":true},"42":{"start":{"line":133,"column":16},"end":{"line":137,"column":36},"skip":true},"43":{"start":{"line":134,"column":20},"end":{"line":136,"column":55},"skip":true},"44":{"start":{"line":139,"column":16},"end":{"line":139,"column":57},"skip":true},"45":{"start":{"line":143,"column":8},"end":{"line":147,"column":11},"skip":true},"46":{"start":{"line":144,"column":12},"end":{"line":146,"column":15},"skip":true},"47":{"start":{"line":145,"column":16},"end":{"line":145,"column":70},"skip":true},"48":{"start":{"line":149,"column":8},"end":{"line":149,"column":31},"skip":true},"49":{"start":{"line":150,"column":8},"end":{"line":150,"column":14},"skip":true},"50":{"start":{"line":158,"column":8},"end":{"line":158,"column":31},"skip":true},"51":{"start":{"line":160,"column":8},"end":{"line":160,"column":33},"skip":true},"52":{"start":{"line":161,"column":8},"end":{"line":161,"column":37},"skip":true},"53":{"start":{"line":162,"column":8},"end":{"line":162,"column":35},"skip":true},"54":{"start":{"line":164,"column":8},"end":{"line":164,"column":50},"skip":true},"55":{"start":{"line":166,"column":8},"end":{"line":256,"column":2},"skip":true},"56":{"start":{"line":258,"column":8},"end":{"line":286,"column":9},"skip":true},"57":{"start":{"line":259,"column":12},"end":{"line":269,"column":14},"skip":true},"58":{"start":{"line":271,"column":12},"end":{"line":285,"column":19},"skip":true},"59":{"start":{"line":274,"column":20},"end":{"line":274,"column":35},"skip":true},"60":{"start":{"line":275,"column":20},"end":{"line":284,"column":21},"skip":true},"61":{"start":{"line":277,"column":24},"end":{"line":277,"column":64},"skip":true},"62":{"start":{"line":279,"column":24},"end":{"line":279,"column":40},"skip":true},"63":{"start":{"line":281,"column":24},"end":{"line":281,"column":40},"skip":true},"64":{"start":{"line":283,"column":24},"end":{"line":283,"column":39},"skip":true},"65":{"start":{"line":288,"column":8},"end":{"line":290,"column":9},"skip":true},"66":{"start":{"line":289,"column":12},"end":{"line":289,"column":18},"skip":true},"67":{"start":{"line":291,"column":8},"end":{"line":293,"column":54},"skip":true},"68":{"start":{"line":294,"column":8},"end":{"line":301,"column":37},"skip":true},"69":{"start":{"line":302,"column":8},"end":{"line":302,"column":82},"skip":true},"70":{"start":{"line":305,"column":8},"end":{"line":307,"column":9},"skip":true},"71":{"start":{"line":306,"column":12},"end":{"line":306,"column":82},"skip":true},"72":{"start":{"line":309,"column":8},"end":{"line":311,"column":9},"skip":true},"73":{"start":{"line":310,"column":12},"end":{"line":310,"column":18},"skip":true},"74":{"start":{"line":312,"column":8},"end":{"line":312,"column":54},"skip":true},"75":{"start":{"line":313,"column":8},"end":{"line":313,"column":69},"skip":true},"76":{"start":{"line":314,"column":8},"end":{"line":322,"column":36},"skip":true},"77":{"start":{"line":315,"column":12},"end":{"line":315,"column":61},"skip":true},"78":{"start":{"line":316,"column":12},"end":{"line":319,"column":13},"skip":true},"79":{"start":{"line":317,"column":16},"end":{"line":317,"column":75},"skip":true},"80":{"start":{"line":318,"column":16},"end":{"line":318,"column":23},"skip":true},"81":{"start":{"line":320,"column":12},"end":{"line":320,"column":38},"skip":true},"82":{"start":{"line":321,"column":12},"end":{"line":321,"column":27},"skip":true},"83":{"start":{"line":323,"column":8},"end":{"line":323,"column":14},"skip":true}},"branchMap":{"1":{"line":39,"type":"binary-expr","locations":[{"start":{"line":39,"column":23},"end":{"line":39,"column":62}},{"start":{"line":40,"column":20},"end":{"line":40,"column":70}},{"start":{"line":41,"column":20},"end":{"line":41,"column":71}},{"start":{"line":42,"column":20},"end":{"line":42,"column":29}}]},"2":{"line":44,"type":"binary-expr","locations":[{"start":{"line":44,"column":23},"end":{"line":44,"column":37}},{"start":{"line":45,"column":20},"end":{"line":45,"column":61}},{"start":{"line":46,"column":20},"end":{"line":46,"column":70}},{"start":{"line":47,"column":20},"end":{"line":47,"column":26}}]},"3":{"line":51,"type":"cond-expr","locations":[{"start":{"line":52,"column":14},"end":{"line":52,"column":20}},{"start":{"line":53,"column":14},"end":{"line":53,"column":20}}]},"4":{"line":55,"type":"binary-expr","locations":[{"start":{"line":55,"column":16},"end":{"line":55,"column":44}},{"start":{"line":55,"column":49},"end":{"line":57,"column":43}}]},"5":{"line":55,"type":"cond-expr","locations":[{"start":{"line":56,"column":14},"end":{"line":56,"column":54}},{"start":{"line":57,"column":14},"end":{"line":57,"column":43}}]},"6":{"line":61,"type":"switch","locations":[{"start":{"line":68,"column":4},"end":{"line":150,"column":14},"skip":true},{"start":{"line":156,"column":4},"end":{"line":323,"column":14},"skip":true}]},"7":{"line":70,"type":"if","locations":[{"start":{"line":70,"column":12},"end":{"line":70,"column":12},"skip":true},{"start":{"line":70,"column":12},"end":{"line":70,"column":12},"skip":true}]},"8":{"line":70,"type":"binary-expr","locations":[{"start":{"line":70,"column":16},"end":{"line":70,"column":22},"skip":true},{"start":{"line":70,"column":27},"end":{"line":70,"column":32},"skip":true},{"start":{"line":71,"column":20},"end":{"line":71,"column":39},"skip":true},{"start":{"line":72,"column":20},"end":{"line":72,"column":49},"skip":true},{"start":{"line":73,"column":20},"end":{"line":73,"column":58},"skip":true},{"start":{"line":74,"column":20},"end":{"line":74,"column":69},"skip":true}]},"9":{"line":79,"type":"switch","locations":[{"start":{"line":80,"column":20},"end":{"line":80,"column":33},"skip":true},{"start":{"line":81,"column":20},"end":{"line":83,"column":30},"skip":true},{"start":{"line":84,"column":20},"end":{"line":85,"column":49},"skip":true}]},"10":{"line":89,"type":"switch","locations":[{"start":{"line":90,"column":12},"end":{"line":103,"column":22},"skip":true},{"start":{"line":105,"column":12},"end":{"line":106,"column":22},"skip":true}]},"11":{"line":89,"type":"binary-expr","locations":[{"start":{"line":89,"column":20},"end":{"line":89,"column":25},"skip":true},{"start":{"line":89,"column":29},"end":{"line":89,"column":48},"skip":true},{"start":{"line":89,"column":52},"end":{"line":89,"column":74},"skip":true}]},"12":{"line":92,"type":"if","locations":[{"start":{"line":92,"column":16},"end":{"line":92,"column":16},"skip":true},{"start":{"line":92,"column":16},"end":{"line":92,"column":16},"skip":true}]},"13":{"line":108,"type":"if","locations":[{"start":{"line":108,"column":12},"end":{"line":108,"column":12},"skip":true},{"start":{"line":108,"column":12},"end":{"line":108,"column":12},"skip":true}]},"14":{"line":108,"type":"binary-expr","locations":[{"start":{"line":108,"column":16},"end":{"line":108,"column":61},"skip":true},{"start":{"line":108,"column":66},"end":{"line":108,"column":72},"skip":true},{"start":{"line":108,"column":77},"end":{"line":108,"column":82},"skip":true},{"start":{"line":109,"column":20},"end":{"line":109,"column":39},"skip":true},{"start":{"line":110,"column":20},"end":{"line":110,"column":49},"skip":true},{"start":{"line":111,"column":20},"end":{"line":111,"column":58},"skip":true},{"start":{"line":112,"column":20},"end":{"line":112,"column":68},"skip":true}]},"15":{"line":129,"type":"if","locations":[{"start":{"line":129,"column":16},"end":{"line":129,"column":16},"skip":true},{"start":{"line":129,"column":16},"end":{"line":129,"column":16},"skip":true}]},"16":{"line":134,"type":"cond-expr","locations":[{"start":{"line":135,"column":26},"end":{"line":135,"column":29},"skip":true},{"start":{"line":136,"column":26},"end":{"line":136,"column":54},"skip":true}]},"17":{"line":164,"type":"binary-expr","locations":[{"start":{"line":164,"column":27},"end":{"line":164,"column":43},"skip":true},{"start":{"line":164,"column":47},"end":{"line":164,"column":49},"skip":true}]},"18":{"line":258,"type":"if","locations":[{"start":{"line":258,"column":8},"end":{"line":258,"column":8},"skip":true},{"start":{"line":258,"column":8},"end":{"line":258,"column":8},"skip":true}]},"19":{"line":275,"type":"switch","locations":[{"start":{"line":276,"column":20},"end":{"line":277,"column":64},"skip":true},{"start":{"line":278,"column":20},"end":{"line":279,"column":40},"skip":true},{"start":{"line":280,"column":20},"end":{"line":281,"column":40},"skip":true},{"start":{"line":282,"column":20},"end":{"line":283,"column":39},"skip":true}]},"20":{"line":288,"type":"if","locations":[{"start":{"line":288,"column":8},"end":{"line":288,"column":8},"skip":true},{"start":{"line":288,"column":8},"end":{"line":288,"column":8},"skip":true}]},"21":{"line":288,"type":"binary-expr","locations":[{"start":{"line":288,"column":12},"end":{"line":288,"column":40},"skip":true},{"start":{"line":288,"column":44},"end":{"line":288,"column":67},"skip":true}]},"22":{"line":292,"type":"binary-expr","locations":[{"start":{"line":292,"column":12},"end":{"line":292,"column":50},"skip":true},{"start":{"line":293,"column":12},"end":{"line":293,"column":53},"skip":true}]},"23":{"line":295,"type":"binary-expr","locations":[{"start":{"line":295,"column":12},"end":{"line":295,"column":68},"skip":true},{"start":{"line":296,"column":12},"end":{"line":301,"column":36},"skip":true}]},"24":{"line":302,"type":"binary-expr","locations":[{"start":{"line":302,"column":43},"end":{"line":302,"column":75},"skip":true},{"start":{"line":302,"column":79},"end":{"line":302,"column":81},"skip":true}]},"25":{"line":305,"type":"if","locations":[{"start":{"line":305,"column":8},"end":{"line":305,"column":8},"skip":true},{"start":{"line":305,"column":8},"end":{"line":305,"column":8},"skip":true}]},"26":{"line":309,"type":"if","locations":[{"start":{"line":309,"column":8},"end":{"line":309,"column":8},"skip":true},{"start":{"line":309,"column":8},"end":{"line":309,"column":8},"skip":true}]},"27":{"line":312,"type":"binary-expr","locations":[{"start":{"line":312,"column":27},"end":{"line":312,"column":43},"skip":true},{"start":{"line":312,"column":47},"end":{"line":312,"column":53},"skip":true}]},"28":{"line":316,"type":"if","locations":[{"start":{"line":316,"column":12},"end":{"line":316,"column":12},"skip":true},{"start":{"line":316,"column":12},"end":{"line":316,"column":12},"skip":true}]}},"code":["/*","example.js","","quickstart example","","instruction","    1. save this script as example.js","    2. run the shell command:","        $ npm install npmtest-geoip-lite && PORT=8081 node example.js","    3. play with the browser-demo on http://127.0.0.1:8081","*/","","","","/* istanbul instrument in package npmtest_geoip_lite */","/*jslint","    bitwise: true,","    browser: true,","    maxerr: 8,","    maxlen: 96,","    node: true,","    nomen: true,","    regexp: true,","    stupid: true","*/","(function () {","    'use strict';","    var local;","","","","    // run shared js-env code - pre-init","    (function () {","        // init local","        local = {};","        // init modeJs","        local.modeJs = (function () {","            try {","                return typeof navigator.userAgent === 'string' &&","                    typeof document.querySelector('body') === 'object' &&","                    typeof XMLHttpRequest.prototype.open === 'function' &&","                    'browser';","            } catch (errorCaughtBrowser) {","                return module.exports &&","                    typeof process.versions.node === 'string' &&","                    typeof require('http').createServer === 'function' &&","                    'node';","            }","        }());","        // init global","        local.global = local.modeJs === 'browser'","            ? window","            : global;","        // init utility2_rollup","        local = local.global.utility2_rollup || (local.modeJs === 'browser'","            ? local.global.utility2_npmtest_geoip_lite","            : global.utility2_moduleExports);","        // export local","        local.global.local = local;","    }());","    switch (local.modeJs) {","","","","    // post-init","    // run browser js-env code - post-init","    /* istanbul ignore next */","    case 'browser':","        local.testRunBrowser = function (event) {","            if (!event || (event &&","                    event.currentTarget &&","                    event.currentTarget.className &&","                    event.currentTarget.className.includes &&","                    event.currentTarget.className.includes('onreset'))) {","                // reset output","                Array.from(","                    document.querySelectorAll('body > .resettable')","                ).forEach(function (element) {","                    switch (element.tagName) {","                    case 'INPUT':","                    case 'TEXTAREA':","                        element.value = '';","                        break;","                    default:","                        element.textContent = '';","                    }","                });","            }","            switch (event && event.currentTarget && event.currentTarget.id) {","            case 'testRunButton1':","                // show tests","                if (document.querySelector('#testReportDiv1').style.display === 'none') {","                    document.querySelector('#testReportDiv1').style.display = 'block';","                    document.querySelector('#testRunButton1').textContent =","                        'hide internal test';","                    local.modeTest = true;","                    local.testRunDefault(local);","                // hide tests","                } else {","                    document.querySelector('#testReportDiv1').style.display = 'none';","                    document.querySelector('#testRunButton1').textContent = 'run internal test';","                }","                break;","            // custom-case","            default:","                break;","            }","            if (document.querySelector('#inputTextareaEval1') && (!event || (event &&","                    event.currentTarget &&","                    event.currentTarget.className &&","                    event.currentTarget.className.includes &&","                    event.currentTarget.className.includes('oneval')))) {","                // try to eval input-code","                try {","                    /*jslint evil: true*/","                    eval(document.querySelector('#inputTextareaEval1').value);","                } catch (errorCaught) {","                    console.error(errorCaught.stack);","                }","            }","        };","        // log stderr and stdout to #outputTextareaStdout1","        ['error', 'log'].forEach(function (key) {","            console[key + '_original'] = console[key];","            console[key] = function () {","                var element;","                console[key + '_original'].apply(console, arguments);","                element = document.querySelector('#outputTextareaStdout1');","                if (!element) {","                    return;","                }","                // append text to #outputTextareaStdout1","                element.value += Array.from(arguments).map(function (arg) {","                    return typeof arg === 'string'","                        ? arg","                        : JSON.stringify(arg, null, 4);","                }).join(' ') + '\\n';","                // scroll textarea to bottom","                element.scrollTop = element.scrollHeight;","            };","        });","        // init event-handling","        ['change', 'click', 'keyup'].forEach(function (event) {","            Array.from(document.querySelectorAll('.on' + event)).forEach(function (element) {","                element.addEventListener(event, local.testRunBrowser);","            });","        });","        // run tests","        local.testRunBrowser();","        break;","","","","    // run node js-env code - post-init","    /* istanbul ignore next */","    case 'node':","        // export local","        module.exports = local;","        // require modules","        local.fs = require('fs');","        local.http = require('http');","        local.url = require('url');","        // init assets","        local.assetsDict = local.assetsDict || {};","        /* jslint-ignore-begin */","        local.assetsDict['/assets.index.template.html'] = '\\","<!doctype html>\\n\\","<html lang=\"en\">\\n\\","<head>\\n\\","<meta charset=\"UTF-8\">\\n\\","<meta name=\"viewport\" content=\"width=device-width, initial-scale=1\">\\n\\","<title>{{env.npm_package_name}} (v{{env.npm_package_version}})</title>\\n\\","<style>\\n\\","/*csslint\\n\\","    box-sizing: false,\\n\\","    universal-selector: false\\n\\","*/\\n\\","* {\\n\\","    box-sizing: border-box;\\n\\","}\\n\\","body {\\n\\","    background: #dde;\\n\\","    font-family: Arial, Helvetica, sans-serif;\\n\\","    margin: 2rem;\\n\\","}\\n\\","body > * {\\n\\","    margin-bottom: 1rem;\\n\\","}\\n\\",".utility2FooterDiv {\\n\\","    margin-top: 20px;\\n\\","    text-align: center;\\n\\","}\\n\\","</style>\\n\\","<style>\\n\\","/*csslint\\n\\","*/\\n\\","textarea {\\n\\","    font-family: monospace;\\n\\","    height: 10rem;\\n\\","    width: 100%;\\n\\","}\\n\\","textarea[readonly] {\\n\\","    background: #ddd;\\n\\","}\\n\\","</style>\\n\\","</head>\\n\\","<body>\\n\\","<!-- utility2-comment\\n\\","<div id=\"ajaxProgressDiv1\" style=\"background: #d00; height: 2px; left: 0; margin: 0; padding: 0; position: fixed; top: 0; transition: background 0.5s, width 1.5s; width: 25%;\"></div>\\n\\","utility2-comment -->\\n\\","<h1>\\n\\","<!-- utility2-comment\\n\\","    <a\\n\\","        {{#if env.npm_package_homepage}}\\n\\","        href=\"{{env.npm_package_homepage}}\"\\n\\","        {{/if env.npm_package_homepage}}\\n\\","        target=\"_blank\"\\n\\","    >\\n\\","utility2-comment -->\\n\\","        {{env.npm_package_name}} (v{{env.npm_package_version}})\\n\\","<!-- utility2-comment\\n\\","    </a>\\n\\","utility2-comment -->\\n\\","</h1>\\n\\","<h3>{{env.npm_package_description}}</h3>\\n\\","<!-- utility2-comment\\n\\","<h4><a download href=\"assets.app.js\">download standalone app</a></h4>\\n\\","<button class=\"onclick onreset\" id=\"testRunButton1\">run internal test</button><br>\\n\\","<div id=\"testReportDiv1\" style=\"display: none;\"></div>\\n\\","utility2-comment -->\\n\\","\\n\\","\\n\\","\\n\\","<label>stderr and stdout</label>\\n\\","<textarea class=\"resettable\" id=\"outputTextareaStdout1\" readonly></textarea>\\n\\","<!-- utility2-comment\\n\\","{{#if isRollup}}\\n\\","<script src=\"assets.app.js\"></script>\\n\\","{{#unless isRollup}}\\n\\","utility2-comment -->\\n\\","<script src=\"assets.utility2.rollup.js\"></script>\\n\\","<script src=\"jsonp.utility2._stateInit?callback=window.utility2._stateInit\"></script>\\n\\","<script src=\"assets.npmtest_geoip_lite.rollup.js\"></script>\\n\\","<script src=\"assets.example.js\"></script>\\n\\","<script src=\"assets.test.js\"></script>\\n\\","<!-- utility2-comment\\n\\","{{/if isRollup}}\\n\\","utility2-comment -->\\n\\","<div class=\"utility2FooterDiv\">\\n\\","    [ this app was created with\\n\\","    <a href=\"https://github.com/kaizhu256/node-utility2\" target=\"_blank\">utility2</a>\\n\\","    ]\\n\\","</div>\\n\\","</body>\\n\\","</html>\\n\\","';","        /* jslint-ignore-end */","        if (local.templateRender) {","            local.assetsDict['/'] = local.templateRender(","                local.assetsDict['/assets.index.template.html'],","                {","                    env: local.objectSetDefault(local.env, {","                        npm_package_description: 'the greatest app in the world!',","                        npm_package_name: 'my-app',","                        npm_package_nameAlias: 'my_app',","                        npm_package_version: '0.0.1'","                    })","                }","            );","        } else {","            local.assetsDict['/'] = local.assetsDict['/assets.index.template.html']","                .replace((/\\{\\{env\\.(\\w+?)\\}\\}/g), function (match0, match1) {","                    // jslint-hack","                    String(match0);","                    switch (match1) {","                    case 'npm_package_description':","                        return 'the greatest app in the world!';","                    case 'npm_package_name':","                        return 'my-app';","                    case 'npm_package_nameAlias':","                        return 'my_app';","                    case 'npm_package_version':","                        return '0.0.1';","                    }","                });","        }","        // run the cli","        if (local.global.utility2_rollup || module !== require.main) {","            break;","        }","        local.assetsDict['/assets.example.js'] =","            local.assetsDict['/assets.example.js'] ||","            local.fs.readFileSync(__filename, 'utf8');","        local.assetsDict['/assets.npmtest_geoip_lite.rollup.js'] =","            local.assetsDict['/assets.npmtest_geoip_lite.rollup.js'] ||","            local.fs.readFileSync(","                // buildCustomOrg-hack","                local.npmtest_geoip_lite.__dirname +","                    '/lib.npmtest_geoip_lite.js',","                'utf8'","            ).replace((/^#!/), '//');","        local.assetsDict['/favicon.ico'] = local.assetsDict['/favicon.ico'] || '';","        // if $npm_config_timeout_exit exists,","        // then exit this process after $npm_config_timeout_exit ms","        if (Number(process.env.npm_config_timeout_exit)) {","            setTimeout(process.exit, Number(process.env.npm_config_timeout_exit));","        }","        // start server","        if (local.global.utility2_serverHttp1) {","            break;","        }","        process.env.PORT = process.env.PORT || '8081';","        console.error('server starting on port ' + process.env.PORT);","        local.http.createServer(function (request, response) {","            request.urlParsed = local.url.parse(request.url);","            if (local.assetsDict[request.urlParsed.pathname] !== undefined) {","                response.end(local.assetsDict[request.urlParsed.pathname]);","                return;","            }","            response.statusCode = 404;","            response.end();","        }).listen(process.env.PORT);","        break;","    }","}());",""],"l":{"26":2,"28":2,"33":2,"35":2,"37":2,"38":2,"39":2,"44":1,"51":2,"55":2,"59":2,"61":2,"69":1,"70":2,"76":2,"79":2,"82":2,"83":2,"85":1,"89":2,"92":1,"93":1,"94":1,"96":1,"97":1,"100":1,"101":1,"103":1,"106":1,"108":2,"114":1,"116":1,"118":1,"123":1,"124":2,"125":2,"126":2,"127":2,"128":2,"129":2,"130":1,"133":2,"134":2,"139":2,"143":1,"144":3,"145":1,"149":1,"150":1,"158":1,"160":1,"161":1,"162":1,"164":1,"166":1,"258":1,"259":1,"271":1,"274":6,"275":6,"277":1,"279":2,"281":1,"283":2,"288":1,"289":1,"291":1,"294":1,"302":1,"305":1,"306":1,"309":1,"310":1,"312":1,"313":1,"314":1,"315":1,"316":1,"317":1,"318":1,"320":1,"321":1,"323":1}},"/home/travis/build/npmtest/node-npmtest-geoip-lite/geoip-lite/lib/geoip.js":{"path":"/home/travis/build/npmtest/node-npmtest-geoip-lite/geoip-lite/lib/geoip.js","s":{"1":1,"2":1,"3":1,"4":1,"5":1,"6":1,"7":1,"8":1,"9":1,"10":1,"11":1,"12":0,"13":1,"14":1,"15":1,"16":1,"17":1,"18":1,"19":1,"20":0,"21":0,"22":0,"23":0,"24":0,"25":0,"26":0,"27":0,"28":0,"29":0,"30":0,"31":0,"32":0,"33":0,"34":0,"35":0,"36":0,"37":0,"38":0,"39":0,"40":0,"41":0,"42":0,"43":0,"44":0,"45":0,"46":0,"47":0,"48":0,"49":0,"50":0,"51":0,"52":0,"53":0,"54":0,"55":0,"56":0,"57":0,"58":0,"59":0,"60":0,"61":0,"62":0,"63":0,"64":1,"65":0,"66":0,"67":0,"68":1,"69":0,"70":0,"71":0,"72":0,"73":0,"74":0,"75":0,"76":0,"77":0,"78":0,"79":0,"80":0,"81":0,"82":0,"83":0,"84":0,"85":0,"86":0,"87":0,"88":0,"89":0,"90":0,"91":0,"92":0,"93":0,"94":0,"95":0,"96":0,"97":0,"98":0,"99":0,"100":0,"101":0,"102":0,"103":0,"104":0,"105":0,"106":1,"107":0,"108":0,"109":0,"110":0,"111":0,"112":0,"113":0,"114":1,"115":1,"116":1,"117":1,"118":1,"119":0,"120":0,"121":0,"122":0,"123":0,"124":0,"125":0,"126":0,"127":0,"128":0,"129":0,"130":0,"131":0,"132":0,"133":0,"134":0,"135":0,"136":0,"137":0,"138":0,"139":0,"140":0,"141":0,"142":0,"143":0,"144":0,"145":0,"146":0,"147":0,"148":0,"149":0,"150":0,"151":0,"152":0,"153":0,"154":0,"155":0,"156":0,"157":1,"158":1,"159":1,"160":1,"161":0,"162":1,"163":1,"164":1,"165":1,"166":1,"167":0,"168":0,"169":0,"170":0,"171":0,"172":1,"173":1,"174":1,"175":1,"176":1,"177":1,"178":1,"179":1,"180":1,"181":1,"182":1,"183":0,"184":0,"185":0,"186":0,"187":0,"188":0,"189":0,"190":0,"191":0,"192":0,"193":0,"194":0,"195":0,"196":0,"197":0,"198":0,"199":0,"200":0,"201":0,"202":0,"203":0,"204":0,"205":0,"206":0,"207":0,"208":0,"209":0,"210":0,"211":1,"212":1,"213":1,"214":1,"215":0,"216":0,"217":0,"218":0,"219":0,"220":0,"221":1,"222":1,"223":1,"224":1,"225":1,"226":0,"227":0,"228":0,"229":0,"230":0,"231":0,"232":0,"233":0,"234":0,"235":0,"236":0,"237":0,"238":0,"239":0,"240":0,"241":0,"242":0,"243":0,"244":0,"245":0,"246":0,"247":0,"248":0,"249":0,"250":1,"251":1},"b":{"1":[1,0],"2":[1,0],"3":[0,0],"4":[0,0],"5":[0,0],"6":[0,0],"7":[0,0],"8":[0,0],"9":[0,0],"10":[0,0],"11":[0,0],"12":[0,0],"13":[0,0],"14":[0,0],"15":[0,0],"16":[0,0],"17":[0,0],"18":[0,0],"19":[0,0],"20":[0,0],"21":[0,0],"22":[0,0],"23":[0,0],"24":[0,0],"25":[0,0],"26":[0,1],"27":[0,0],"28":[0,0],"29":[0,0],"30":[0,0],"31":[0,0],"32":[0,1],"33":[0,0],"34":[0,0,0],"35":[0,1],"36":[0,0],"37":[0,0],"38":[0,0],"39":[0,0],"40":[0,0],"41":[0,1],"42":[0,0],"43":[0,0,0],"44":[0,0],"45":[0,0],"46":[0,0],"47":[0,0],"48":[0,0],"49":[0,0],"50":[0,0],"51":[0,0]},"f":{"1":0,"2":0,"3":0,"4":0,"5":1,"6":0,"7":0,"8":0,"9":0,"10":0,"11":0,"12":0,"13":0,"14":0,"15":0,"16":0,"17":0,"18":0,"19":0,"20":0,"21":0,"22":0,"23":0,"24":1,"25":0,"26":0,"27":0,"28":0,"29":0,"30":0,"31":0,"32":0,"33":0,"34":0,"35":0,"36":0,"37":0,"38":0,"39":0,"40":0,"41":0,"42":0,"43":0},"fnMap":{"1":{"name":"lookup4","line":57,"loc":{"start":{"line":57,"column":0},"end":{"line":57,"column":21}}},"2":{"name":"lookup6","line":131,"loc":{"start":{"line":131,"column":0},"end":{"line":131,"column":21}}},"3":{"name":"readip","line":148,"loc":{"start":{"line":148,"column":1},"end":{"line":148,"column":31}}},"4":{"name":"get4mapped","line":206,"loc":{"start":{"line":206,"column":0},"end":{"line":206,"column":24}}},"5":{"name":"preload","line":218,"loc":{"start":{"line":218,"column":0},"end":{"line":218,"column":27}}},"6":{"name":"(anonymous_6)","line":234,"loc":{"start":{"line":234,"column":3},"end":{"line":234,"column":17}}},"7":{"name":"(anonymous_7)","line":236,"loc":{"start":{"line":236,"column":5},"end":{"line":236,"column":20}}},"8":{"name":"(anonymous_8)","line":237,"loc":{"start":{"line":237,"column":40},"end":{"line":237,"column":61}}},"9":{"name":"(anonymous_9)","line":242,"loc":{"start":{"line":242,"column":5},"end":{"line":242,"column":20}}},"10":{"name":"(anonymous_10)","line":243,"loc":{"start":{"line":243,"column":24},"end":{"line":243,"column":46}}},"11":{"name":"(anonymous_11)","line":249,"loc":{"start":{"line":249,"column":5},"end":{"line":249,"column":20}}},"12":{"name":"(anonymous_12)","line":252,"loc":{"start":{"line":252,"column":5},"end":{"line":252,"column":20}}},"13":{"name":"(anonymous_13)","line":255,"loc":{"start":{"line":255,"column":5},"end":{"line":255,"column":20}}},"14":{"name":"(anonymous_14)","line":256,"loc":{"start":{"line":256,"column":35},"end":{"line":256,"column":56}}},"15":{"name":"(anonymous_15)","line":261,"loc":{"start":{"line":261,"column":5},"end":{"line":261,"column":20}}},"16":{"name":"(anonymous_16)","line":262,"loc":{"start":{"line":262,"column":24},"end":{"line":262,"column":46}}},"17":{"name":"(anonymous_17)","line":267,"loc":{"start":{"line":267,"column":7},"end":{"line":267,"column":22}}},"18":{"name":"(anonymous_18)","line":273,"loc":{"start":{"line":273,"column":38},"end":{"line":273,"column":59}}},"19":{"name":"(anonymous_19)","line":278,"loc":{"start":{"line":278,"column":26},"end":{"line":278,"column":48}}},"20":{"name":"(anonymous_20)","line":292,"loc":{"start":{"line":292,"column":3},"end":{"line":292,"column":15}}},"21":{"name":"(anonymous_21)","line":296,"loc":{"start":{"line":296,"column":5},"end":{"line":296,"column":20}}},"22":{"name":"(anonymous_22)","line":299,"loc":{"start":{"line":299,"column":5},"end":{"line":299,"column":20}}},"23":{"name":"(anonymous_23)","line":302,"loc":{"start":{"line":302,"column":7},"end":{"line":302,"column":22}}},"24":{"name":"preload6","line":352,"loc":{"start":{"line":352,"column":0},"end":{"line":352,"column":28}}},"25":{"name":"(anonymous_25)","line":366,"loc":{"start":{"line":366,"column":3},"end":{"line":366,"column":17}}},"26":{"name":"(anonymous_26)","line":368,"loc":{"start":{"line":368,"column":5},"end":{"line":368,"column":20}}},"27":{"name":"(anonymous_27)","line":369,"loc":{"start":{"line":369,"column":36},"end":{"line":369,"column":57}}},"28":{"name":"(anonymous_28)","line":374,"loc":{"start":{"line":374,"column":5},"end":{"line":374,"column":20}}},"29":{"name":"(anonymous_29)","line":375,"loc":{"start":{"line":375,"column":24},"end":{"line":375,"column":46}}},"30":{"name":"(anonymous_30)","line":380,"loc":{"start":{"line":380,"column":7},"end":{"line":380,"column":22}}},"31":{"name":"(anonymous_31)","line":386,"loc":{"start":{"line":386,"column":39},"end":{"line":386,"column":60}}},"32":{"name":"(anonymous_32)","line":391,"loc":{"start":{"line":391,"column":26},"end":{"line":391,"column":48}}},"33":{"name":"(anonymous_33)","line":404,"loc":{"start":{"line":404,"column":3},"end":{"line":404,"column":15}}},"34":{"name":"(anonymous_34)","line":408,"loc":{"start":{"line":408,"column":5},"end":{"line":408,"column":20}}},"35":{"name":"(anonymous_35)","line":411,"loc":{"start":{"line":411,"column":5},"end":{"line":411,"column":20}}},"36":{"name":"(anonymous_36)","line":414,"loc":{"start":{"line":414,"column":7},"end":{"line":414,"column":22}}},"37":{"name":"(anonymous_37)","line":457,"loc":{"start":{"line":457,"column":9},"end":{"line":457,"column":22}}},"38":{"name":"(anonymous_38)","line":476,"loc":{"start":{"line":476,"column":9},"end":{"line":476,"column":21}}},"39":{"name":"(anonymous_39)","line":490,"loc":{"start":{"line":490,"column":26},"end":{"line":490,"column":46}}},"40":{"name":"(anonymous_40)","line":491,"loc":{"start":{"line":491,"column":64},"end":{"line":491,"column":76}}},"41":{"name":"(anonymous_41)","line":494,"loc":{"start":{"line":494,"column":4},"end":{"line":494,"column":18}}},"42":{"name":"(anonymous_42)","line":497,"loc":{"start":{"line":497,"column":4},"end":{"line":497,"column":18}}},"43":{"name":"(anonymous_43)","line":505,"loc":{"start":{"line":505,"column":25},"end":{"line":505,"column":37}}}},"statementMap":{"1":{"start":{"line":1,"column":0},"end":{"line":1,"column":23}},"2":{"start":{"line":2,"column":0},"end":{"line":2,"column":25}},"3":{"start":{"line":3,"column":0},"end":{"line":3,"column":27}},"4":{"start":{"line":5,"column":0},"end":{"line":5,"column":49}},"5":{"start":{"line":7,"column":0},"end":{"line":7,"column":31}},"6":{"start":{"line":8,"column":0},"end":{"line":8,"column":39}},"7":{"start":{"line":9,"column":0},"end":{"line":9,"column":29}},"8":{"start":{"line":11,"column":0},"end":{"line":11,"column":32}},"9":{"start":{"line":14,"column":0},"end":{"line":14,"column":15}},"10":{"start":{"line":16,"column":0},"end":{"line":20,"column":1}},"11":{"start":{"line":17,"column":1},"end":{"line":17,"column":48}},"12":{"start":{"line":19,"column":1},"end":{"line":19,"column":32}},"13":{"start":{"line":22,"column":0},"end":{"line":28,"column":2}},"14":{"start":{"line":30,"column":0},"end":{"line":34,"column":2}},"15":{"start":{"line":36,"column":0},"end":{"line":44,"column":2}},"16":{"start":{"line":46,"column":0},"end":{"line":52,"column":2}},"17":{"start":{"line":54,"column":0},"end":{"line":54,"column":21}},"18":{"start":{"line":55,"column":0},"end":{"line":55,"column":21}},"19":{"start":{"line":57,"column":0},"end":{"line":129,"column":1}},"20":{"start":{"line":58,"column":1},"end":{"line":58,"column":15}},"21":{"start":{"line":59,"column":1},"end":{"line":59,"column":27}},"22":{"start":{"line":60,"column":1},"end":{"line":60,"column":29}},"23":{"start":{"line":61,"column":1},"end":{"line":61,"column":27}},"24":{"start":{"line":62,"column":1},"end":{"line":62,"column":10}},"25":{"start":{"line":63,"column":1},"end":{"line":63,"column":11}},"26":{"start":{"line":65,"column":1},"end":{"line":65,"column":32}},"27":{"start":{"line":66,"column":1},"end":{"line":66,"column":39}},"28":{"start":{"line":67,"column":1},"end":{"line":67,"column":34}},"29":{"start":{"line":68,"column":1},"end":{"line":68,"column":36}},"30":{"start":{"line":69,"column":1},"end":{"line":69,"column":47}},"31":{"start":{"line":71,"column":1},"end":{"line":71,"column":7}},"32":{"start":{"line":73,"column":1},"end":{"line":79,"column":3}},"33":{"start":{"line":82,"column":1},"end":{"line":84,"column":2}},"34":{"start":{"line":83,"column":2},"end":{"line":83,"column":14}},"35":{"start":{"line":87,"column":1},"end":{"line":91,"column":2}},"36":{"start":{"line":88,"column":2},"end":{"line":90,"column":3}},"37":{"start":{"line":89,"column":3},"end":{"line":89,"column":15}},"38":{"start":{"line":93,"column":1},"end":{"line":128,"column":12}},"39":{"start":{"line":94,"column":2},"end":{"line":94,"column":49}},"40":{"start":{"line":95,"column":2},"end":{"line":95,"column":49}},"41":{"start":{"line":96,"column":2},"end":{"line":96,"column":55}},"42":{"start":{"line":98,"column":2},"end":{"line":127,"column":3}},"43":{"start":{"line":99,"column":3},"end":{"line":99,"column":33}},"44":{"start":{"line":101,"column":3},"end":{"line":112,"column":4}},"45":{"start":{"line":102,"column":4},"end":{"line":102,"column":97}},"46":{"start":{"line":104,"column":4},"end":{"line":104,"column":61}},"47":{"start":{"line":106,"column":4},"end":{"line":106,"column":131}},"48":{"start":{"line":107,"column":4},"end":{"line":107,"column":130}},"49":{"start":{"line":108,"column":4},"end":{"line":108,"column":138}},"50":{"start":{"line":109,"column":4},"end":{"line":109,"column":72}},"51":{"start":{"line":110,"column":4},"end":{"line":110,"column":70}},"52":{"start":{"line":111,"column":4},"end":{"line":111,"column":141}},"53":{"start":{"line":114,"column":3},"end":{"line":114,"column":18}},"54":{"start":{"line":115,"column":9},"end":{"line":127,"column":3}},"55":{"start":{"line":116,"column":3},"end":{"line":116,"column":15}},"56":{"start":{"line":117,"column":9},"end":{"line":127,"column":3}},"57":{"start":{"line":118,"column":3},"end":{"line":122,"column":4}},"58":{"start":{"line":119,"column":4},"end":{"line":119,"column":18}},"59":{"start":{"line":121,"column":4},"end":{"line":121,"column":18}},"60":{"start":{"line":123,"column":9},"end":{"line":127,"column":3}},"61":{"start":{"line":124,"column":3},"end":{"line":124,"column":16}},"62":{"start":{"line":125,"column":9},"end":{"line":127,"column":3}},"63":{"start":{"line":126,"column":3},"end":{"line":126,"column":16}},"64":{"start":{"line":131,"column":0},"end":{"line":204,"column":1}},"65":{"start":{"line":132,"column":1},"end":{"line":132,"column":32}},"66":{"start":{"line":133,"column":1},"end":{"line":133,"column":36}},"67":{"start":{"line":135,"column":1},"end":{"line":141,"column":3}},"68":{"start":{"line":148,"column":1},"end":{"line":157,"column":2}},"69":{"start":{"line":149,"column":2},"end":{"line":149,"column":13}},"70":{"start":{"line":150,"column":2},"end":{"line":150,"column":14}},"71":{"start":{"line":152,"column":2},"end":{"line":154,"column":3}},"72":{"start":{"line":153,"column":3},"end":{"line":153,"column":80}},"73":{"start":{"line":156,"column":2},"end":{"line":156,"column":12}},"74":{"start":{"line":159,"column":1},"end":{"line":159,"column":44}},"75":{"start":{"line":160,"column":1},"end":{"line":160,"column":31}},"76":{"start":{"line":162,"column":1},"end":{"line":162,"column":15}},"77":{"start":{"line":163,"column":1},"end":{"line":163,"column":27}},"78":{"start":{"line":164,"column":1},"end":{"line":164,"column":29}},"79":{"start":{"line":165,"column":1},"end":{"line":165,"column":27}},"80":{"start":{"line":166,"column":1},"end":{"line":166,"column":10}},"81":{"start":{"line":168,"column":1},"end":{"line":170,"column":2}},"82":{"start":{"line":169,"column":2},"end":{"line":169,"column":14}},"83":{"start":{"line":172,"column":1},"end":{"line":203,"column":12}},"84":{"start":{"line":173,"column":2},"end":{"line":173,"column":49}},"85":{"start":{"line":174,"column":2},"end":{"line":174,"column":26}},"86":{"start":{"line":175,"column":2},"end":{"line":175,"column":26}},"87":{"start":{"line":177,"column":2},"end":{"line":202,"column":3}},"88":{"start":{"line":178,"column":3},"end":{"line":186,"column":4}},"89":{"start":{"line":179,"column":4},"end":{"line":179,"column":122}},"90":{"start":{"line":181,"column":4},"end":{"line":181,"column":34}},"91":{"start":{"line":182,"column":4},"end":{"line":182,"column":122}},"92":{"start":{"line":183,"column":4},"end":{"line":183,"column":121}},"93":{"start":{"line":184,"column":4},"end":{"line":184,"column":126}},"94":{"start":{"line":185,"column":4},"end":{"line":185,"column":127}},"95":{"start":{"line":189,"column":3},"end":{"line":189,"column":18}},"96":{"start":{"line":190,"column":9},"end":{"line":202,"column":3}},"97":{"start":{"line":191,"column":3},"end":{"line":191,"column":15}},"98":{"start":{"line":192,"column":9},"end":{"line":202,"column":3}},"99":{"start":{"line":193,"column":3},"end":{"line":197,"column":4}},"100":{"start":{"line":194,"column":4},"end":{"line":194,"column":18}},"101":{"start":{"line":196,"column":4},"end":{"line":196,"column":18}},"102":{"start":{"line":198,"column":9},"end":{"line":202,"column":3}},"103":{"start":{"line":199,"column":3},"end":{"line":199,"column":16}},"104":{"start":{"line":200,"column":9},"end":{"line":202,"column":3}},"105":{"start":{"line":201,"column":3},"end":{"line":201,"column":16}},"106":{"start":{"line":206,"column":0},"end":{"line":216,"column":1}},"107":{"start":{"line":207,"column":4},"end":{"line":207,"column":32}},"108":{"start":{"line":208,"column":4},"end":{"line":208,"column":52}},"109":{"start":{"line":209,"column":4},"end":{"line":214,"column":5}},"110":{"start":{"line":210,"column":8},"end":{"line":210,"column":37}},"111":{"start":{"line":211,"column":8},"end":{"line":213,"column":9}},"112":{"start":{"line":212,"column":12},"end":{"line":212,"column":51}},"113":{"start":{"line":215,"column":4},"end":{"line":215,"column":16}},"114":{"start":{"line":218,"column":0},"end":{"line":350,"column":1}},"115":{"start":{"line":219,"column":1},"end":{"line":219,"column":13}},"116":{"start":{"line":220,"column":1},"end":{"line":220,"column":13}},"117":{"start":{"line":221,"column":1},"end":{"line":229,"column":3}},"118":{"start":{"line":232,"column":1},"end":{"line":349,"column":2}},"119":{"start":{"line":233,"column":2},"end":{"line":313,"column":5}},"120":{"start":{"line":235,"column":4},"end":{"line":290,"column":7}},"121":{"start":{"line":237,"column":6},"end":{"line":240,"column":9}},"122":{"start":{"line":238,"column":7},"end":{"line":238,"column":22}},"123":{"start":{"line":239,"column":7},"end":{"line":239,"column":16}},"124":{"start":{"line":243,"column":6},"end":{"line":247,"column":9}},"125":{"start":{"line":244,"column":7},"end":{"line":244,"column":28}},"126":{"start":{"line":245,"column":7},"end":{"line":245,"column":55}},"127":{"start":{"line":246,"column":7},"end":{"line":246,"column":16}},"128":{"start":{"line":250,"column":6},"end":{"line":250,"column":70}},"129":{"start":{"line":253,"column":6},"end":{"line":253,"column":29}},"130":{"start":{"line":256,"column":6},"end":{"line":259,"column":9}},"131":{"start":{"line":257,"column":7},"end":{"line":257,"column":22}},"132":{"start":{"line":258,"column":7},"end":{"line":258,"column":16}},"133":{"start":{"line":262,"column":6},"end":{"line":265,"column":9}},"134":{"start":{"line":263,"column":7},"end":{"line":263,"column":28}},"135":{"start":{"line":264,"column":7},"end":{"line":264,"column":16}},"136":{"start":{"line":268,"column":5},"end":{"line":289,"column":6}},"137":{"start":{"line":269,"column":6},"end":{"line":271,"column":7}},"138":{"start":{"line":270,"column":7},"end":{"line":270,"column":17}},"139":{"start":{"line":273,"column":6},"end":{"line":285,"column":9}},"140":{"start":{"line":274,"column":7},"end":{"line":284,"column":8}},"141":{"start":{"line":275,"column":8},"end":{"line":275,"column":16}},"142":{"start":{"line":277,"column":8},"end":{"line":277,"column":23}},"143":{"start":{"line":278,"column":8},"end":{"line":283,"column":11}},"144":{"start":{"line":279,"column":9},"end":{"line":279,"column":30}},"145":{"start":{"line":280,"column":9},"end":{"line":280,"column":45}},"146":{"start":{"line":282,"column":9},"end":{"line":282,"column":14}},"147":{"start":{"line":288,"column":6},"end":{"line":288,"column":11}},"148":{"start":{"line":293,"column":4},"end":{"line":293,"column":48}},"149":{"start":{"line":295,"column":4},"end":{"line":311,"column":7}},"150":{"start":{"line":297,"column":6},"end":{"line":297,"column":66}},"151":{"start":{"line":300,"column":6},"end":{"line":300,"column":29}},"152":{"start":{"line":303,"column":5},"end":{"line":309,"column":6}},"153":{"start":{"line":306,"column":6},"end":{"line":306,"column":66}},"154":{"start":{"line":307,"column":6},"end":{"line":307,"column":112}},"155":{"start":{"line":308,"column":6},"end":{"line":308,"column":26}},"156":{"start":{"line":310,"column":5},"end":{"line":310,"column":19}},"157":{"start":{"line":315,"column":2},"end":{"line":339,"column":3}},"158":{"start":{"line":316,"column":3},"end":{"line":316,"column":51}},"159":{"start":{"line":317,"column":3},"end":{"line":317,"column":40}},"160":{"start":{"line":319,"column":3},"end":{"line":323,"column":4}},"161":{"start":{"line":320,"column":4},"end":{"line":322,"column":6}},"162":{"start":{"line":325,"column":3},"end":{"line":325,"column":47}},"163":{"start":{"line":326,"column":3},"end":{"line":326,"column":62}},"164":{"start":{"line":327,"column":3},"end":{"line":327,"column":25}},"165":{"start":{"line":329,"column":3},"end":{"line":329,"column":46}},"166":{"start":{"line":330,"column":3},"end":{"line":330,"column":40}},"167":{"start":{"line":332,"column":3},"end":{"line":334,"column":4}},"168":{"start":{"line":333,"column":4},"end":{"line":333,"column":14}},"169":{"start":{"line":336,"column":3},"end":{"line":336,"column":49}},"170":{"start":{"line":337,"column":3},"end":{"line":337,"column":40}},"171":{"start":{"line":338,"column":3},"end":{"line":338,"column":35}},"172":{"start":{"line":341,"column":2},"end":{"line":341,"column":42}},"173":{"start":{"line":342,"column":2},"end":{"line":342,"column":57}},"174":{"start":{"line":344,"column":2},"end":{"line":344,"column":24}},"175":{"start":{"line":346,"column":2},"end":{"line":346,"column":54}},"176":{"start":{"line":347,"column":2},"end":{"line":347,"column":92}},"177":{"start":{"line":348,"column":2},"end":{"line":348,"column":53}},"178":{"start":{"line":352,"column":0},"end":{"line":452,"column":1}},"179":{"start":{"line":353,"column":1},"end":{"line":353,"column":13}},"180":{"start":{"line":354,"column":1},"end":{"line":354,"column":13}},"181":{"start":{"line":355,"column":1},"end":{"line":361,"column":3}},"182":{"start":{"line":364,"column":1},"end":{"line":451,"column":2}},"183":{"start":{"line":365,"column":2},"end":{"line":424,"column":5}},"184":{"start":{"line":367,"column":4},"end":{"line":402,"column":7}},"185":{"start":{"line":369,"column":6},"end":{"line":372,"column":9}},"186":{"start":{"line":370,"column":7},"end":{"line":370,"column":22}},"187":{"start":{"line":371,"column":7},"end":{"line":371,"column":16}},"188":{"start":{"line":375,"column":6},"end":{"line":378,"column":9}},"189":{"start":{"line":376,"column":7},"end":{"line":376,"column":28}},"190":{"start":{"line":377,"column":7},"end":{"line":377,"column":16}},"191":{"start":{"line":381,"column":5},"end":{"line":401,"column":6}},"192":{"start":{"line":382,"column":6},"end":{"line":384,"column":7}},"193":{"start":{"line":383,"column":7},"end":{"line":383,"column":17}},"194":{"start":{"line":386,"column":6},"end":{"line":398,"column":9}},"195":{"start":{"line":387,"column":7},"end":{"line":397,"column":8}},"196":{"start":{"line":388,"column":8},"end":{"line":388,"column":16}},"197":{"start":{"line":390,"column":8},"end":{"line":390,"column":23}},"198":{"start":{"line":391,"column":8},"end":{"line":396,"column":11}},"199":{"start":{"line":392,"column":9},"end":{"line":392,"column":30}},"200":{"start":{"line":393,"column":9},"end":{"line":393,"column":47}},"201":{"start":{"line":395,"column":9},"end":{"line":395,"column":14}},"202":{"start":{"line":400,"column":6},"end":{"line":400,"column":11}},"203":{"start":{"line":405,"column":4},"end":{"line":405,"column":49}},"204":{"start":{"line":407,"column":4},"end":{"line":422,"column":7}},"205":{"start":{"line":409,"column":6},"end":{"line":409,"column":67}},"206":{"start":{"line":412,"column":6},"end":{"line":412,"column":29}},"207":{"start":{"line":415,"column":5},"end":{"line":420,"column":6}},"208":{"start":{"line":418,"column":6},"end":{"line":418,"column":68}},"209":{"start":{"line":419,"column":6},"end":{"line":419,"column":27}},"210":{"start":{"line":421,"column":5},"end":{"line":421,"column":19}},"211":{"start":{"line":426,"column":2},"end":{"line":443,"column":3}},"212":{"start":{"line":427,"column":3},"end":{"line":427,"column":47}},"213":{"start":{"line":428,"column":3},"end":{"line":428,"column":40}},"214":{"start":{"line":430,"column":3},"end":{"line":434,"column":4}},"215":{"start":{"line":431,"column":4},"end":{"line":433,"column":6}},"216":{"start":{"line":436,"column":3},"end":{"line":438,"column":4}},"217":{"start":{"line":437,"column":4},"end":{"line":437,"column":14}},"218":{"start":{"line":440,"column":3},"end":{"line":440,"column":50}},"219":{"start":{"line":441,"column":3},"end":{"line":441,"column":40}},"220":{"start":{"line":442,"column":3},"end":{"line":442,"column":36}},"221":{"start":{"line":445,"column":2},"end":{"line":445,"column":42}},"222":{"start":{"line":446,"column":2},"end":{"line":446,"column":57}},"223":{"start":{"line":448,"column":2},"end":{"line":448,"column":24}},"224":{"start":{"line":450,"column":2},"end":{"line":450,"column":54}},"225":{"start":{"line":454,"column":0},"end":{"line":508,"column":2}},"226":{"start":{"line":458,"column":2},"end":{"line":471,"column":3}},"227":{"start":{"line":459,"column":3},"end":{"line":459,"column":15}},"228":{"start":{"line":460,"column":9},"end":{"line":471,"column":3}},"229":{"start":{"line":461,"column":3},"end":{"line":461,"column":22}},"230":{"start":{"line":462,"column":9},"end":{"line":471,"column":3}},"231":{"start":{"line":463,"column":3},"end":{"line":463,"column":35}},"232":{"start":{"line":464,"column":9},"end":{"line":471,"column":3}},"233":{"start":{"line":465,"column":3},"end":{"line":465,"column":29}},"234":{"start":{"line":466,"column":3},"end":{"line":470,"column":4}},"235":{"start":{"line":467,"column":4},"end":{"line":467,"column":38}},"236":{"start":{"line":469,"column":4},"end":{"line":469,"column":36}},"237":{"start":{"line":473,"column":2},"end":{"line":473,"column":14}},"238":{"start":{"line":477,"column":2},"end":{"line":483,"column":3}},"239":{"start":{"line":478,"column":3},"end":{"line":478,"column":12}},"240":{"start":{"line":479,"column":9},"end":{"line":483,"column":3}},"241":{"start":{"line":480,"column":3},"end":{"line":480,"column":25}},"242":{"start":{"line":481,"column":9},"end":{"line":483,"column":3}},"243":{"start":{"line":482,"column":3},"end":{"line":482,"column":25}},"244":{"start":{"line":485,"column":2},"end":{"line":485,"column":11}},"245":{"start":{"line":491,"column":2},"end":{"line":501,"column":5}},"246":{"start":{"line":493,"column":3},"end":{"line":500,"column":16}},"247":{"start":{"line":495,"column":5},"end":{"line":495,"column":17}},"248":{"start":{"line":498,"column":5},"end":{"line":498,"column":18}},"249":{"start":{"line":506,"column":2},"end":{"line":506,"column":38}},"250":{"start":{"line":510,"column":0},"end":{"line":510,"column":10}},"251":{"start":{"line":511,"column":0},"end":{"line":511,"column":11}}},"branchMap":{"1":{"line":5,"type":"binary-expr","locations":[{"start":{"line":5,"column":16},"end":{"line":5,"column":29}},{"start":{"line":5,"column":33},"end":{"line":5,"column":48}}]},"2":{"line":16,"type":"if","locations":[{"start":{"line":16,"column":0},"end":{"line":16,"column":0}},{"start":{"line":16,"column":0},"end":{"line":16,"column":0}}]},"3":{"line":82,"type":"if","locations":[{"start":{"line":82,"column":1},"end":{"line":82,"column":1}},{"start":{"line":82,"column":1},"end":{"line":82,"column":1}}]},"4":{"line":82,"type":"binary-expr","locations":[{"start":{"line":82,"column":5},"end":{"line":82,"column":23}},{"start":{"line":82,"column":27},"end":{"line":82,"column":46}}]},"5":{"line":88,"type":"if","locations":[{"start":{"line":88,"column":2},"end":{"line":88,"column":2}},{"start":{"line":88,"column":2},"end":{"line":88,"column":2}}]},"6":{"line":88,"type":"binary-expr","locations":[{"start":{"line":88,"column":6},"end":{"line":88,"column":30}},{"start":{"line":88,"column":34},"end":{"line":88,"column":58}}]},"7":{"line":98,"type":"if","locations":[{"start":{"line":98,"column":2},"end":{"line":98,"column":2}},{"start":{"line":98,"column":2},"end":{"line":98,"column":2}}]},"8":{"line":98,"type":"binary-expr","locations":[{"start":{"line":98,"column":6},"end":{"line":98,"column":17}},{"start":{"line":98,"column":21},"end":{"line":98,"column":31}}]},"9":{"line":101,"type":"if","locations":[{"start":{"line":101,"column":3},"end":{"line":101,"column":3}},{"start":{"line":101,"column":3},"end":{"line":101,"column":3}}]},"10":{"line":115,"type":"if","locations":[{"start":{"line":115,"column":9},"end":{"line":115,"column":9}},{"start":{"line":115,"column":9},"end":{"line":115,"column":9}}]},"11":{"line":117,"type":"if","locations":[{"start":{"line":117,"column":9},"end":{"line":117,"column":9}},{"start":{"line":117,"column":9},"end":{"line":117,"column":9}}]},"12":{"line":118,"type":"if","locations":[{"start":{"line":118,"column":3},"end":{"line":118,"column":3}},{"start":{"line":118,"column":3},"end":{"line":118,"column":3}}]},"13":{"line":123,"type":"if","locations":[{"start":{"line":123,"column":9},"end":{"line":123,"column":9}},{"start":{"line":123,"column":9},"end":{"line":123,"column":9}}]},"14":{"line":125,"type":"if","locations":[{"start":{"line":125,"column":9},"end":{"line":125,"column":9}},{"start":{"line":125,"column":9},"end":{"line":125,"column":9}}]},"15":{"line":168,"type":"if","locations":[{"start":{"line":168,"column":1},"end":{"line":168,"column":1}},{"start":{"line":168,"column":1},"end":{"line":168,"column":1}}]},"16":{"line":168,"type":"binary-expr","locations":[{"start":{"line":168,"column":5},"end":{"line":168,"column":38}},{"start":{"line":168,"column":42},"end":{"line":168,"column":76}}]},"17":{"line":177,"type":"if","locations":[{"start":{"line":177,"column":2},"end":{"line":177,"column":2}},{"start":{"line":177,"column":2},"end":{"line":177,"column":2}}]},"18":{"line":177,"type":"binary-expr","locations":[{"start":{"line":177,"column":6},"end":{"line":177,"column":32}},{"start":{"line":177,"column":36},"end":{"line":177,"column":61}}]},"19":{"line":178,"type":"if","locations":[{"start":{"line":178,"column":3},"end":{"line":178,"column":3}},{"start":{"line":178,"column":3},"end":{"line":178,"column":3}}]},"20":{"line":190,"type":"if","locations":[{"start":{"line":190,"column":9},"end":{"line":190,"column":9}},{"start":{"line":190,"column":9},"end":{"line":190,"column":9}}]},"21":{"line":192,"type":"if","locations":[{"start":{"line":192,"column":9},"end":{"line":192,"column":9}},{"start":{"line":192,"column":9},"end":{"line":192,"column":9}}]},"22":{"line":193,"type":"if","locations":[{"start":{"line":193,"column":3},"end":{"line":193,"column":3}},{"start":{"line":193,"column":3},"end":{"line":193,"column":3}}]},"23":{"line":198,"type":"if","locations":[{"start":{"line":198,"column":9},"end":{"line":198,"column":9}},{"start":{"line":198,"column":9},"end":{"line":198,"column":9}}]},"24":{"line":200,"type":"if","locations":[{"start":{"line":200,"column":9},"end":{"line":200,"column":9}},{"start":{"line":200,"column":9},"end":{"line":200,"column":9}}]},"25":{"line":211,"type":"if","locations":[{"start":{"line":211,"column":8},"end":{"line":211,"column":8}},{"start":{"line":211,"column":8},"end":{"line":211,"column":8}}]},"26":{"line":232,"type":"if","locations":[{"start":{"line":232,"column":1},"end":{"line":232,"column":1}},{"start":{"line":232,"column":1},"end":{"line":232,"column":1}}]},"27":{"line":268,"type":"if","locations":[{"start":{"line":268,"column":5},"end":{"line":268,"column":5}},{"start":{"line":268,"column":5},"end":{"line":268,"column":5}}]},"28":{"line":269,"type":"if","locations":[{"start":{"line":269,"column":6},"end":{"line":269,"column":6}},{"start":{"line":269,"column":6},"end":{"line":269,"column":6}}]},"29":{"line":269,"type":"binary-expr","locations":[{"start":{"line":269,"column":10},"end":{"line":269,"column":31}},{"start":{"line":269,"column":35},"end":{"line":269,"column":55}}]},"30":{"line":274,"type":"if","locations":[{"start":{"line":274,"column":7},"end":{"line":274,"column":7}},{"start":{"line":274,"column":7},"end":{"line":274,"column":7}}]},"31":{"line":303,"type":"if","locations":[{"start":{"line":303,"column":5},"end":{"line":303,"column":5}},{"start":{"line":303,"column":5},"end":{"line":303,"column":5}}]},"32":{"line":319,"type":"if","locations":[{"start":{"line":319,"column":3},"end":{"line":319,"column":
[...]
rts = {","\tcmp: utils.cmp,","","\tlookup: function(ip) {","\t\tif (!ip) {","\t\t\treturn null;","\t\t} else if (typeof ip === 'number') {","\t\t\treturn lookup4(ip);","\t\t} else if (net.isIP(ip) === 4) {","\t\t\treturn lookup4(utils.aton4(ip));","\t\t} else if (net.isIP(ip) === 6) {","\t\t\tvar ipv4 = get4mapped(ip);","\t\t\tif (ipv4) {","\t\t\t\treturn lookup4(utils.aton4(ipv4));","\t\t\t} else {","\t\t\t\treturn lookup6(utils.aton6(ip));","\t\t\t}","\t\t}","","\t\treturn null;","\t},","","\tpretty: function(n) {","\t\tif (typeof n === 'string') {","\t\t\treturn n;","\t\t} else if (typeof n === 'number') {","\t\t\treturn utils.ntoa4(n);","\t\t} else if (n instanceof Array) {","\t\t\treturn utils.ntoa6(n);","\t\t}","","\t\treturn n;","\t},","","\t// Start watching for data updates. The watcher waits one minute for file transfer to ","\t// completete before triggering the callback.","\tstartWatchingDataUpdate: function (callback) {","\t\tfsWatcher.makeFsWatchFilter(watcherName, geodatadir, 60*1000, function () {","\t\t\t//Reload data","\t\t\tasync.series([","\t\t\t\tfunction (cb) {","\t\t\t\t\tpreload(cb);","\t\t\t\t},","\t\t\t\tfunction (cb) {","\t\t\t\t\tpreload6(cb);","\t\t\t\t}","\t\t\t], callback);","\t\t});","\t},","","\t// Stop watching for data updates.","\tstopWatchingDataUpdate: function () {","\t\tfsWatcher.stopWatching(watcherName);","\t}","};","","preload();","preload6();","","//lookup4 = gen_lookup('geoip-country.dat', 4);","//lookup6 = gen_lookup('geoip-country6.dat', 16);",""],"l":{"1":1,"2":1,"3":1,"5":1,"7":1,"8":1,"9":1,"11":1,"14":1,"16":1,"17":1,"19":0,"22":1,"30":1,"36":1,"46":1,"54":1,"55":1,"57":1,"58":0,"59":0,"60":0,"61":0,"62":0,"63":0,"65":0,"66":0,"67":0,"68":0,"69":0,"71":0,"73":0,"82":0,"83":0,"87":0,"88":0,"89":0,"93":0,"94":0,"95":0,"96":0,"98":0,"99":0,"101":0,"102":0,"104":0,"106":0,"107":0,"108":0,"109":0,"110":0,"111":0,"114":0,"115":0,"116":0,"117":0,"118":0,"119":0,"121":0,"123":0,"124":0,"125":0,"126":0,"131":1,"132":0,"133":0,"135":0,"148":1,"149":0,"150":0,"152":0,"153":0,"156":0,"159":0,"160":0,"162":0,"163":0,"164":0,"165":0,"166":0,"168":0,"169":0,"172":0,"173":0,"174":0,"175":0,"177":0,"178":0,"179":0,"181":0,"182":0,"183":0,"184":0,"185":0,"189":0,"190":0,"191":0,"192":0,"193":0,"194":0,"196":0,"198":0,"199":0,"200":0,"201":0,"206":1,"207":0,"208":0,"209":0,"210":0,"211":0,"212":0,"215":0,"218":1,"219":1,"220":1,"221":1,"232":1,"233":0,"235":0,"237":0,"238":0,"239":0,"243":0,"244":0,"245":0,"246":0,"250":0,"253":0,"256":0,"257":0,"258":0,"262":0,"263":0,"264":0,"268":0,"269":0,"270":0,"273":0,"274":0,"275":0,"277":0,"278":0,"279":0,"280":0,"282":0,"288":0,"293":0,"295":0,"297":0,"300":0,"303":0,"306":0,"307":0,"308":0,"310":0,"315":1,"316":1,"317":1,"319":1,"320":0,"325":1,"326":1,"327":1,"329":1,"330":1,"332":0,"333":0,"336":0,"337":0,"338":0,"341":1,"342":1,"344":1,"346":1,"347":1,"348":1,"352":1,"353":1,"354":1,"355":1,"364":1,"365":0,"367":0,"369":0,"370":0,"371":0,"375":0,"376":0,"377":0,"381":0,"382":0,"383":0,"386":0,"387":0,"388":0,"390":0,"391":0,"392":0,"393":0,"395":0,"400":0,"405":0,"407":0,"409":0,"412":0,"415":0,"418":0,"419":0,"421":0,"426":1,"427":1,"428":1,"430":1,"431":0,"436":0,"437":0,"440":0,"441":0,"442":0,"445":1,"446":1,"448":1,"450":1,"454":1,"458":0,"459":0,"460":0,"461":0,"462":0,"463":0,"464":0,"465":0,"466":0,"467":0,"469":0,"473":0,"477":0,"478":0,"479":0,"480":0,"481":0,"482":0,"485":0,"491":0,"493":0,"495":0,"498":0,"506":0,"510":1,"511":1}},"/home/travis/build/npmtest/node-npmtest-geoip-lite/geoip-lite/lib/utils.js":{"path":"/home/travis/build/npmtest/node-npmtest-geoip-lite/geoip-lite/lib/utils.js","s":{"1":1,"2":1,"3":6,"4":6,"5":1,"6":0,"7":0,"8":0,"9":0,"10":0,"11":0,"12":0,"13":0,"14":0,"15":0,"16":0,"17":0,"18":0,"19":0,"20":0,"21":0,"22":0,"23":1,"24":0,"25":0,"26":0,"27":0,"28":0,"29":1,"30":0,"31":0,"32":0,"33":0,"34":0,"35":0,"36":1,"37":0,"38":0,"39":1,"40":0,"41":0,"42":0,"43":1,"44":0,"45":0,"46":0,"47":0,"48":0,"49":0},"b":{"1":[0,0],"2":[0,0],"3":[0,0],"4":[0,0],"5":[0,0],"6":[0,0],"7":[0,0],"8":[0,0],"9":[0,0],"10":[0,0],"11":[0,0],"12":[0,0],"13":[0,0,0,0,0,0,0]},"f":{"1":6,"2":0,"3":0,"4":0,"5":0,"6":0,"7":0},"fnMap":{"1":{"name":"(anonymous_1)","line":3,"loc":{"start":{"line":3,"column":14},"end":{"line":3,"column":26}}},"2":{"name":"(anonymous_2)","line":8,"loc":{"start":{"line":8,"column":14},"end":{"line":8,"column":26}}},"3":{"name":"(anonymous_3)","line":43,"loc":{"start":{"line":43,"column":12},"end":{"line":43,"column":27}}},"4":{"name":"(anonymous_4)","line":55,"loc":{"start":{"line":55,"column":13},"end":{"line":55,"column":28}}},"5":{"name":"(anonymous_5)","line":69,"loc":{"start":{"line":69,"column":20},"end":{"line":69,"column":35}}},"6":{"name":"(anonymous_6)","line":80,"loc":{"start":{"line":80,"column":14},"end":{"line":80,"column":26}}},"7":{"name":"(anonymous_7)","line":87,"loc":{"start":{"line":87,"column":14},"end":{"line":87,"column":26}}}},"statementMap":{"1":{"start":{"line":1,"column":0},"end":{"line":1,"column":32}},"2":{"start":{"line":3,"column":0},"end":{"line":6,"column":2}},"3":{"start":{"line":4,"column":2},"end":{"line":4,"column":20}},"4":{"start":{"line":5,"column":2},"end":{"line":5,"column":132}},"5":{"start":{"line":8,"column":0},"end":{"line":40,"column":2}},"6":{"start":{"line":9,"column":2},"end":{"line":9,"column":37}},"7":{"start":{"line":11,"column":2},"end":{"line":11,"column":23}},"8":{"start":{"line":12,"column":2},"end":{"line":12,"column":8}},"9":{"start":{"line":14,"column":2},"end":{"line":16,"column":3}},"10":{"start":{"line":15,"column":4},"end":{"line":15,"column":13}},"11":{"start":{"line":18,"column":2},"end":{"line":24,"column":3}},"12":{"start":{"line":19,"column":4},"end":{"line":19,"column":17}},"13":{"start":{"line":21,"column":4},"end":{"line":23,"column":5}},"14":{"start":{"line":22,"column":6},"end":{"line":22,"column":22}},"15":{"start":{"line":26,"column":2},"end":{"line":32,"column":3}},"16":{"start":{"line":27,"column":4},"end":{"line":31,"column":5}},"17":{"start":{"line":28,"column":6},"end":{"line":28,"column":13}},"18":{"start":{"line":30,"column":6},"end":{"line":30,"column":32}},"19":{"start":{"line":34,"column":2},"end":{"line":34,"column":13}},"20":{"start":{"line":35,"column":2},"end":{"line":37,"column":3}},"21":{"start":{"line":36,"column":4},"end":{"line":36,"column":42}},"22":{"start":{"line":39,"column":2},"end":{"line":39,"column":11}},"23":{"start":{"line":43,"column":0},"end":{"line":53,"column":2}},"24":{"start":{"line":44,"column":2},"end":{"line":46,"column":3}},"25":{"start":{"line":45,"column":4},"end":{"line":45,"column":42}},"26":{"start":{"line":48,"column":2},"end":{"line":50,"column":3}},"27":{"start":{"line":49,"column":4},"end":{"line":49,"column":27}},"28":{"start":{"line":52,"column":2},"end":{"line":52,"column":14}},"29":{"start":{"line":55,"column":0},"end":{"line":67,"column":2}},"30":{"start":{"line":56,"column":2},"end":{"line":64,"column":3}},"31":{"start":{"line":57,"column":4},"end":{"line":59,"column":5}},"32":{"start":{"line":58,"column":6},"end":{"line":58,"column":16}},"33":{"start":{"line":61,"column":4},"end":{"line":63,"column":5}},"34":{"start":{"line":62,"column":6},"end":{"line":62,"column":15}},"35":{"start":{"line":66,"column":2},"end":{"line":66,"column":11}},"36":{"start":{"line":69,"column":0},"end":{"line":78,"column":2}},"37":{"start":{"line":70,"column":2},"end":{"line":70,"column":25}},"38":{"start":{"line":72,"column":2},"end":{"line":77,"column":65}},"39":{"start":{"line":80,"column":0},"end":{"line":85,"column":2}},"40":{"start":{"line":81,"column":2},"end":{"line":81,"column":19}},"41":{"start":{"line":82,"column":2},"end":{"line":82,"column":85}},"42":{"start":{"line":84,"column":2},"end":{"line":84,"column":11}},"43":{"start":{"line":87,"column":0},"end":{"line":98,"column":2}},"44":{"start":{"line":88,"column":2},"end":{"line":88,"column":14}},"45":{"start":{"line":90,"column":2},"end":{"line":93,"column":3}},"46":{"start":{"line":91,"column":4},"end":{"line":91,"column":40}},"47":{"start":{"line":92,"column":4},"end":{"line":92,"column":42}},"48":{"start":{"line":95,"column":2},"end":{"line":95,"column":69}},"49":{"start":{"line":97,"column":2},"end":{"line":97,"column":11}}},"branchMap":{"1":{"line":14,"type":"if","locations":[{"start":{"line":14,"column":2},"end":{"line":14,"column":2}},{"start":{"line":14,"column":2},"end":{"line":14,"column":2}}]},"2":{"line":18,"type":"if","locations":[{"start":{"line":18,"column":2},"end":{"line":18,"column":2}},{"start":{"line":18,"column":2},"end":{"line":18,"column":2}}]},"3":{"line":21,"type":"binary-expr","locations":[{"start":{"line":21,"column":16},"end":{"line":21,"column":22}},{"start":{"line":21,"column":26},"end":{"line":21,"column":37}}]},"4":{"line":27,"type":"if","locations":[{"start":{"line":27,"column":4},"end":{"line":27,"column":4}},{"start":{"line":27,"column":4},"end":{"line":27,"column":4}}]},"5":{"line":44,"type":"if","locations":[{"start":{"line":44,"column":2},"end":{"line":44,"column":2}},{"start":{"line":44,"column":2},"end":{"line":44,"column":2}}]},"6":{"line":44,"type":"binary-expr","locations":[{"start":{"line":44,"column":6},"end":{"line":44,"column":27}},{"start":{"line":44,"column":31},"end":{"line":44,"column":52}}]},"7":{"line":45,"type":"cond-expr","locations":[{"start":{"line":45,"column":20},"end":{"line":45,"column":22}},{"start":{"line":45,"column":26},"end":{"line":45,"column":39}}]},"8":{"line":45,"type":"cond-expr","locations":[{"start":{"line":45,"column":34},"end":{"line":45,"column":35}},{"start":{"line":45,"column":38},"end":{"line":45,"column":39}}]},"9":{"line":48,"type":"if","locations":[{"start":{"line":48,"column":2},"end":{"line":48,"column":2}},{"start":{"line":48,"column":2},"end":{"line":48,"column":2}}]},"10":{"line":48,"type":"binary-expr","locations":[{"start":{"line":48,"column":6},"end":{"line":48,"column":24}},{"start":{"line":48,"column":28},"end":{"line":48,"column":46}}]},"11":{"line":57,"type":"if","locations":[{"start":{"line":57,"column":4},"end":{"line":57,"column":4}},{"start":{"line":57,"column":4},"end":{"line":57,"column":4}}]},"12":{"line":61,"type":"if","locations":[{"start":{"line":61,"column":4},"end":{"line":61,"column":4}},{"start":{"line":61,"column":4},"end":{"line":61,"column":4}}]},"13":{"line":72,"type":"binary-expr","locations":[{"start":{"line":72,"column":9},"end":{"line":72,"column":76}},{"start":{"line":73,"column":4},"end":{"line":73,"column":63}},{"start":{"line":74,"column":4},"end":{"line":74,"column":62}},{"start":{"line":75,"column":4},"end":{"line":75,"column":72}},{"start":{"line":76,"column":4},"end":{"line":76,"column":63}},{"start":{"line":77,"column":4},"end":{"line":77,"column":32}},{"start":{"line":77,"column":36},"end":{"line":77,"column":64}}]}},"code":["var utils = module.exports = {};","","utils.aton4 = function(a) {","  a = a.split(/\\./);","  return ((parseInt(a[0], 10)<<24)>>>0) + ((parseInt(a[1], 10)<<16)>>>0) + ((parseInt(a[2], 10)<<8)>>>0) + (parseInt(a[3], 10)>>>0);","};","","utils.aton6 = function(a) {","  a = a.replace(/\"/g, '').split(/:/);","","  var l = a.length - 1;","  var i;","","  if (a[l] === '') {","    a[l] = 0;","  }","","  if (l < 7) {","    a.length = 8;","","    for (i = l; i >= 0 && a[i] !== ''; i--) {","      a[7-l+i] = a[i];","    }","  }","","  for (i = 0; i < 8; i++) {","    if (!a[i]) {","      a[i]=0;","    } else {","      a[i] = parseInt(a[i], 16);","    }","  }","","  var r = [];","  for (i = 0; i<4; i++) {","    r.push(((a[2*i]<<16) + a[2*i+1])>>>0);","  }","","  return r;","};","","","utils.cmp = function(a, b) {","  if (typeof a === 'number' && typeof b === 'number') {","    return (a < b ? -1 : (a > b ? 1 : 0));","  }","","  if (a instanceof Array && b instanceof Array) {","    return this.cmp6(a, b);","  }","","  return null;","};","","utils.cmp6 = function(a, b) {","  for (var ii = 0; ii < 2; ii++) {","    if (a[ii] < b[ii]) {","      return -1;","    }","","    if (a[ii] > b[ii]) {","      return 1;","    }","  }","","  return 0;","};","","utils.isPrivateIP = function(addr) {","  addr = addr.toString();","","  return addr.match(/^10\\.([0-9]{1,3})\\.([0-9]{1,3})\\.([0-9]{1,3})/) != null ||","    addr.match(/^192\\.168\\.([0-9]{1,3})\\.([0-9]{1,3})/) != null ||","    addr.match(/^172\\.16\\.([0-9]{1,3})\\.([0-9]{1,3})/) != null ||","    addr.match(/^127\\.([0-9]{1,3})\\.([0-9]{1,3})\\.([0-9]{1,3})/) != null ||","    addr.match(/^169\\.254\\.([0-9]{1,3})\\.([0-9]{1,3})/) != null ||","    addr.match(/^fc00:/) != null || addr.match(/^fe80:/) != null;","};","","utils.ntoa4 = function(n) {","  n = n.toString();","  n = '' + (n>>>24&0xff) + '.' + (n>>>16&0xff) + '.' + (n>>>8&0xff) + '.' + (n&0xff);","","  return n;","};","","utils.ntoa6 = function(n) {","  var a = \"[\";","","  for (var i = 0; i<n.length; i++) {","    a += (n[i]>>>16).toString(16) + ':';","    a += (n[i]&0xffff).toString(16) + ':';","  }","","  a = a.replace(/:$/, ']').replace(/:0+/g, ':').replace(/::+/, '::');","","  return a;","};"],"l":{"1":1,"3":1,"4":6,"5":6,"8":1,"9":0,"11":0,"12":0,"14":0,"15":0,"18":0,"19":0,"21":0,"22":0,"26":0,"27":0,"28":0,"30":0,"34":0,"35":0,"36":0,"39":0,"43":1,"44":0,"45":0,"48":0,"49":0,"52":0,"55":1,"56":0,"57":0,"58":0,"61":0,"62":0,"66":0,"69":1,"70":0,"72":0,"80":1,"81":0,"82":0,"84":0,"87":1,"88":0,"90":0,"91":0,"92":0,"95":0,"97":0}},"/home/travis/build/npmtest/node-npmtest-geoip-lite/geoip-lite/lib/fsWatcher.js":{"path":"/home/travis/build/npmtest/node-npmtest-geoip-lite/geoip-lite/lib/fsWatcher.js","s":{"1":1,"2":1,"3":0,"4":1,"5":0,"6":0,"7":1,"8":0,"9":0,"10":0,"11":0,"12":0,"13":0,"14":0,"15":0,"16":0,"17":0,"18":0,"19":0,"20":0,"21":0,"22":0,"23":0,"24":1,"25":0,"26":1,"27":1},"b":{"1":[0,0],"2":[0,0],"3":[0,0],"4":[0,0],"5":[0,0],"6":[0,0]},"f":{"1":0,"2":0,"3":0,"4":0,"5":0},"fnMap":{"1":{"name":"makeFsWatchFilter","line":16,"loc":{"start":{"line":16,"column":0},"end":{"line":16,"column":79}}},"2":{"name":"timeoutCallback","line":20,"loc":{"start":{"line":20,"column":1},"end":{"line":20,"column":28}}},"3":{"name":"onWatchEvent","line":27,"loc":{"start":{"line":27,"column":1},"end":{"line":27,"column":43}}},"4":{"name":"onExists","line":31,"loc":{"start":{"line":31,"column":23},"end":{"line":31,"column":49}}},"5":{"name":"stopWatching","line":73,"loc":{"start":{"line":73,"column":0},"end":{"line":73,"column":28}}}},"statementMap":{"1":{"start":{"line":1,"column":0},"end":{"line":3,"column":19}},"2":{"start":{"line":16,"column":0},"end":{"line":65,"column":1}},"3":{"start":{"line":17,"column":1},"end":{"line":17,"column":23}},"4":{"start":{"line":20,"column":1},"end":{"line":23,"column":2}},"5":{"start":{"line":21,"column":2},"end":{"line":21,"column":20}},"6":{"start":{"line":22,"column":2},"end":{"line":22,"column":13}},"7":{"start":{"line":27,"column":1},"end":{"line":51,"column":2}},"8":{"start":{"line":28,"column":2},"end":{"line":28,"column":51}},"9":{"start":{"line":30,"column":2},"end":{"line":50,"column":3}},"10":{"start":{"line":31,"column":3},"end":{"line":49,"column":6}},"11":{"start":{"line":32,"column":4},"end":{"line":36,"column":5}},"12":{"start":{"line":35,"column":5},"end":{"line":35,"column":12}},"13":{"start":{"line":42,"column":4},"end":{"line":45,"column":5}},"14":{"start":{"line":43,"column":5},"end":{"line":43,"column":30}},"15":{"start":{"line":44,"column":5},"end":{"line":44,"column":23}},"16":{"start":{"line":48,"column":4},"end":{"line":48,"column":60}},"17":{"start":{"line":54,"column":1},"end":{"line":58,"column":2}},"18":{"start":{"line":55,"column":2},"end":{"line":55,"column":27}},"19":{"start":{"line":56,"column":2},"end":{"line":56,"column":27}},"20":{"start":{"line":57,"column":2},"end":{"line":57,"column":18}},"21":{"start":{"line":60,"column":1},"end":{"line":62,"column":2}},"22":{"start":{"line":61,"column":2},"end":{"line":61,"column":21}},"23":{"start":{"line":64,"column":1},"end":{"line":64,"column":53}},"24":{"start":{"line":73,"column":0},"end":{"line":75,"column":1}},"25":{"start":{"line":74,"column":1},"end":{"line":74,"column":25}},"26":{"start":{"line":77,"column":0},"end":{"line":77,"column":53}},"27":{"start":{"line":78,"column":0},"end":{"line":78,"column":43}}},"branchMap":{"1":{"line":30,"type":"if","locations":[{"start":{"line":30,"column":2},"end":{"line":30,"column":2}},{"start":{"line":30,"column":2},"end":{"line":30,"column":2}}]},"2":{"line":30,"type":"binary-expr","locations":[{"start":{"line":30,"column":6},"end":{"line":30,"column":15}},{"start":{"line":30,"column":19},"end":{"line":30,"column":43}}]},"3":{"line":32,"type":"if","locations":[{"start":{"line":32,"column":4},"end":{"line":32,"column":4}},{"start":{"line":32,"column":4},"end":{"line":32,"column":4}}]},"4":{"line":42,"type":"if","locations":[{"start":{"line":42,"column":4},"end":{"line":42,"column":4}},{"start":{"line":42,"column":4},"end":{"line":42,"column":4}}]},"5":{"line":54,"type":"if","locations":[{"start":{"line":54,"column":1},"end":{"line":54,"column":1}},{"start":{"line":54,"column":1},"end":{"line":54,"column":1}}]},"6":{"line":60,"type":"if","locations":[{"start":{"line":60,"column":1},"end":{"line":60,"column":1}},{"start":{"line":60,"column":1},"end":{"line":60,"column":1}}]}},"code":["var fs = require('fs'),","    path = require('path'),","    FSWatcher = {};","","/**"," * Takes a directory/file and watch for change. Upon change, call the"," * callback."," *"," * @param {String} name: name of this watcher"," * @param {String} directory: path to the directory to watch"," * @param {String} [filename]: (optional) specific filename to watch for,"," *     watches for all files in the directory if unspecified"," * @param {Integer} cooldownDelay: delay to wait before triggering the callback"," * @param {Function} callback: function () : called when changes are detected","**/","function makeFsWatchFilter(name, directory, filename, cooldownDelay, callback) {","\tvar cooldownId = null;","","\t//Delete the cooldownId and callback the outer function","\tfunction timeoutCallback() {","\t\tcooldownId = null;","\t\tcallback();","\t}","","\t//This function is called when there is a change in the data directory","\t//It sets a timer to wait for the change to be completed","\tfunction onWatchEvent(event, changedFile) {","\t\tvar filePath = path.join(directory, changedFile);","","\t\tif (!filename || filename === changedFile) {","\t\t\tfs.exists(filePath, function onExists(exists) {","\t\t\t\tif (!exists) {","\t\t\t\t\t// if the changed file no longer exists, it was a deletion.","\t\t\t\t\t// we ignore deleted files","\t\t\t\t\treturn;","\t\t\t\t}","","\t\t\t\t//At this point, a new file system activity has been detected,","\t\t\t\t//We have to wait for file transfert to be finished before moving on.","","\t\t\t\t//If a cooldownId already exists, we delete it","\t\t\t\tif (cooldownId !== null) {","\t\t\t\t\tclearTimeout(cooldownId);","\t\t\t\t\tcooldownId = null;","\t\t\t\t}","","\t\t\t\t//Once the cooldownDelay has passed, the timeoutCallback function will be called","\t\t\t\tcooldownId = setTimeout(timeoutCallback, cooldownDelay);","\t\t\t});","\t\t}","\t}","","\t//Manage the case where filename is missing (because it's optionnal)","\tif (typeof cooldownDelay === 'function') {","\t\tcallback = cooldownDelay;","\t\tcooldownDelay = filename;","\t\tfilename = null;","\t}","","\tif (FSWatcher[name]) {","\t\tstopWatching(name);","\t}","","\tFSWatcher[name] = fs.watch(directory, onWatchEvent);","}","","/**"," * Take a FSWatcher object and close it."," *"," * @param {string} name: name of the watcher to close"," *","**/","function stopWatching(name) {","\tFSWatcher[name].close();","}","","module.exports.makeFsWatchFilter = makeFsWatchFilter;","module.exports.stopWatching = stopWatching;",""],"l":{"1":1,"16":1,"17":0,"20":1,"21":0,"22":0,"27":1,"28":0,"30":0,"31":0,"32":0,"35":0,"42":0,"43":0,"44":0,"48":0,"54":0,"55":0,"56":0,"57":0,"60":0,"61":0,"64":0,"73":1,"74":0,"77":1,"78":1}}}